###############################################################################
#
# IAR C/C++ Compiler V10.20.1.5333 for 8051               18/Jun/2021  17:52:23
# Copyright 2004-2018 IAR Systems AB.
# PC-locked license - IAR Embedded Workbench for 8051
#
#    Core               =  plain
#    Code model         =  banked
#    Data model         =  large
#    Calling convention =  xdata reentrant
#    Constant location  =  data_rom
#    Dptr setup         =  1,16
#                          
#    Source file        =  
#        D:\SRC\DemoPrj\Components\hal\target\CC2530EB\hal_led.c
#    Command line       =  
#        -f C:\Users\ADMINI~1\AppData\Local\Temp\EWC773.tmp
#        (D:\SRC\DemoPrj\Components\hal\target\CC2530EB\hal_led.c -D ZIGBEEPRO
#        -D HAL_UART=TRUE -D SERIAL_APP_PORT=0 -D LCD_SUPPORTED -lC
#        D:\SRC\DemoPrj\Projects\zstack\Utilities\SerialApp\CC2530DB\CoordinatorEB-Pro\List
#        -lA
#        D:\SRC\DemoPrj\Projects\zstack\Utilities\SerialApp\CC2530DB\CoordinatorEB-Pro\List
#        --diag_suppress Pe001,Pa010 -o
#        D:\SRC\DemoPrj\Projects\zstack\Utilities\SerialApp\CC2530DB\CoordinatorEB-Pro\Obj
#        -e --debug --core=plain --dptr=16,1 --data_model=large
#        --code_model=banked --calling_convention=xdata_reentrant
#        --place_constants=data_rom --nr_virtual_regs 8 -f
#        D:\SRC\DemoPrj\Projects\zstack\Utilities\SerialApp\CC2530DB\..\..\..\Tools\CC2530DB\f8wCoord.cfg
#        (-DCPU32MHZ -DROOT=__near_func -DMAC_CFG_APP_PENDING_QUEUE=TRUE
#        -DZDO_COORDINATOR -DRTR_NWK -DBLINK_LEDS) -f
#        D:\SRC\DemoPrj\Projects\zstack\Utilities\SerialApp\CC2530DB\..\..\..\Tools\CC2530DB\f8wConfig.cfg
#        (-DSECURE=0 -DZG_SECURE_DYNAMIC=0 -DREFLECTOR
#        -DDEFAULT_CHANLIST=0x00000800 -DZDAPP_CONFIG_PAN_ID=0x1223
#        -DNWK_START_DELAY=100 -DEXTENDED_JOINING_RANDOM_MASK=0x007F
#        -DBEACON_REQUEST_DELAY=100 -DBEACON_REQ_DELAY_MASK=0x00FF
#        -DROUTE_EXPIRY_TIME=30 -DAPSC_ACK_WAIT_DURATION_POLLED=3000
#        -DNWK_INDIRECT_MSG_TIMEOUT=7 -DMAX_RREQ_ENTRIES=8
#        -DAPSC_MAX_FRAME_RETRIES=3 -DNWK_MAX_DATA_RETRIES=2
#        -DMAX_POLL_FAILURE_RETRIES=2 -DMAX_BCAST=9 -DAPS_MAX_GROUPS=16
#        -DMAX_RTG_ENTRIES=40 -DNWK_MAX_BINDING_ENTRIES=4
#        -DMAX_BINDING_CLUSTER_IDS=4 "-DDEFAULT_KEY={0x01, 0x03, 0x05, 0x07,
#        0x09, 0x0B, 0x0D, 0x0F, 0x00, 0x02, 0x04, 0x06, 0x08, 0x0A, 0x0C,
#        0x0D}" -DMAC_MAX_FRAME_SIZE=116 "-DCONST=const __code"
#        -DGENERIC=__generic -DRFD_RCVC_ALWAYS_ON=FALSE -DPOLL_RATE=1000
#        -DQUEUED_POLL_RATE=100 -DRESPONSE_POLL_RATE=100
#        -DREJOIN_POLL_RATE=440) -I
#        D:\SRC\DemoPrj\Projects\zstack\Utilities\SerialApp\CC2530DB\ -I
#        D:\SRC\DemoPrj\Projects\zstack\Utilities\SerialApp\CC2530DB\..\SOURCE\
#        -I
#        D:\SRC\DemoPrj\Projects\zstack\Utilities\SerialApp\CC2530DB\..\..\..\ZMAIN\TI2530DB\
#        -I
#        D:\SRC\DemoPrj\Projects\zstack\Utilities\SerialApp\CC2530DB\..\..\..\..\..\COMPONENTS\MT\
#        -I
#        D:\SRC\DemoPrj\Projects\zstack\Utilities\SerialApp\CC2530DB\..\..\..\..\..\COMPONENTS\HAL\INCLUDE\
#        -I
#        D:\SRC\DemoPrj\Projects\zstack\Utilities\SerialApp\CC2530DB\..\..\..\..\..\COMPONENTS\HAL\TARGET\CC2530EB\
#        -I
#        D:\SRC\DemoPrj\Projects\zstack\Utilities\SerialApp\CC2530DB\..\..\..\..\..\COMPONENTS\OSAL\MCU\CCSOC\
#        -I
#        D:\SRC\DemoPrj\Projects\zstack\Utilities\SerialApp\CC2530DB\..\..\..\..\..\COMPONENTS\OSAL\INCLUDE\
#        -I
#        D:\SRC\DemoPrj\Projects\zstack\Utilities\SerialApp\CC2530DB\..\..\..\..\..\COMPONENTS\STACK\AF\
#        -I
#        D:\SRC\DemoPrj\Projects\zstack\Utilities\SerialApp\CC2530DB\..\..\..\..\..\COMPONENTS\STACK\NWK\
#        -I
#        D:\SRC\DemoPrj\Projects\zstack\Utilities\SerialApp\CC2530DB\..\..\..\..\..\COMPONENTS\STACK\SEC\
#        -I
#        D:\SRC\DemoPrj\Projects\zstack\Utilities\SerialApp\CC2530DB\..\..\..\..\..\COMPONENTS\STACK\SAPI\
#        -I
#        D:\SRC\DemoPrj\Projects\zstack\Utilities\SerialApp\CC2530DB\..\..\..\..\..\COMPONENTS\STACK\SYS\
#        -I
#        D:\SRC\DemoPrj\Projects\zstack\Utilities\SerialApp\CC2530DB\..\..\..\..\..\COMPONENTS\STACK\ZDO\
#        -I
#        D:\SRC\DemoPrj\Projects\zstack\Utilities\SerialApp\CC2530DB\..\..\..\..\..\COMPONENTS\ZMAC\F8W\
#        -I
#        D:\SRC\DemoPrj\Projects\zstack\Utilities\SerialApp\CC2530DB\..\..\..\..\..\COMPONENTS\ZMAC\
#        -I
#        D:\SRC\DemoPrj\Projects\zstack\Utilities\SerialApp\CC2530DB\..\..\..\..\..\COMPONENTS\SERVICES\SADDR\
#        -I
#        D:\SRC\DemoPrj\Projects\zstack\Utilities\SerialApp\CC2530DB\..\..\..\..\..\COMPONENTS\SERVICES\SDATA\
#        -I
#        D:\SRC\DemoPrj\Projects\zstack\Utilities\SerialApp\CC2530DB\..\..\..\..\..\COMPONENTS\MAC\INCLUDE\
#        -I
#        D:\SRC\DemoPrj\Projects\zstack\Utilities\SerialApp\CC2530DB\..\..\..\..\..\COMPONENTS\MAC\HIGH_LEVEL\
#        -I
#        D:\SRC\DemoPrj\Projects\zstack\Utilities\SerialApp\CC2530DB\..\..\..\..\..\COMPONENTS\MAC\LOW_LEVEL\srf04\
#        -I
#        D:\SRC\DemoPrj\Projects\zstack\Utilities\SerialApp\CC2530DB\..\..\..\..\..\COMPONENTS\MAC\LOW_LEVEL\srf04\SINGLE_CHIP\
#        -Ohz --require_prototypes)
#    Locale             =  Chinese (Simplified)_CHN.936
#    List file          =  
#        D:\SRC\DemoPrj\Projects\zstack\Utilities\SerialApp\CC2530DB\CoordinatorEB-Pro\List\hal_led.lst
#    Object file        =  
#        D:\SRC\DemoPrj\Projects\zstack\Utilities\SerialApp\CC2530DB\CoordinatorEB-Pro\Obj\hal_led.r51
#
###############################################################################

D:\SRC\DemoPrj\Components\hal\target\CC2530EB\hal_led.c
      1          /**************************************************************************************************
      2            Filename:       hal_led.c
      3            Revised:        $Date: 2009-03-13 05:45:44 -0700 (Fri, 13 Mar 2009) $
      4            Revision:       $Revision: 19408 $
      5          
      6            Description:    This file contains the interface to the HAL LED Service.
      7          
      8          
      9            Copyright 2006-2007 Texas Instruments Incorporated. All rights reserved.
     10          
     11            IMPORTANT: Your use of this Software is limited to those specific rights
     12            granted under the terms of a software license agreement between the user
     13            who downloaded the software, his/her employer (which must be your employer)
     14            and Texas Instruments Incorporated (the "License").  You may not use this
     15            Software unless you agree to abide by the terms of the License. The License
     16            limits your use, and you acknowledge, that the Software may not be modified,
     17            copied or distributed unless embedded on a Texas Instruments microcontroller
     18            or used solely and exclusively in conjunction with a Texas Instruments radio
     19            frequency transceiver, which is integrated into your product.  Other than for
     20            the foregoing purpose, you may not use, reproduce, copy, prepare derivative
     21            works of, modify, distribute, perform, display or sell this Software and/or
     22            its documentation for any purpose.
     23          
     24            YOU FURTHER ACKNOWLEDGE AND AGREE THAT THE SOFTWARE AND DOCUMENTATION ARE
     25            PROVIDED “AS IS” WITHOUT WARRANTY OF ANY KIND, EITHER EXPRESS OR IMPLIED,
     26            INCLUDING WITHOUT LIMITATION, ANY WARRANTY OF MERCHANTABILITY, TITLE,
     27            NON-INFRINGEMENT AND FITNESS FOR A PARTICULAR PURPOSE. IN NO EVENT SHALL
     28            TEXAS INSTRUMENTS OR ITS LICENSORS BE LIABLE OR OBLIGATED UNDER CONTRACT,
     29            NEGLIGENCE, STRICT LIABILITY, CONTRIBUTION, BREACH OF WARRANTY, OR OTHER
     30            LEGAL EQUITABLE THEORY ANY DIRECT OR INDIRECT DAMAGES OR EXPENSES
     31            INCLUDING BUT NOT LIMITED TO ANY INCIDENTAL, SPECIAL, INDIRECT, PUNITIVE
     32            OR CONSEQUENTIAL DAMAGES, LOST PROFITS OR LOST DATA, COST OF PROCUREMENT
     33            OF SUBSTITUTE GOODS, TECHNOLOGY, SERVICES, OR ANY CLAIMS BY THIRD PARTIES
     34            (INCLUDING BUT NOT LIMITED TO ANY DEFENSE THEREOF), OR OTHER SIMILAR COSTS.
     35          
     36            Should you have any questions regarding your right to use this Software,
     37            contact Texas Instruments Incorporated at www.TI.com.
     38          **************************************************************************************************/
     39          
     40          /***************************************************************************************************
     41           *                                             INCLUDES
     42           ***************************************************************************************************/
     43          #include "hal_mcu.h"

   \                                 In  segment SFR_AN, at 0x80
   \   union <unnamed> volatile __sfr _A_P0
   \                     _A_P0:
   \   000000                DS 1

   \                                 In  segment SFR_AN, at 0x90
   \   union <unnamed> volatile __sfr _A_P1
   \                     _A_P1:
   \   000000                DS 1
     44          #include "hal_defs.h"
     45          #include "hal_types.h"
     46          #include "hal_drivers.h"
     47          #include "hal_led.h"
     48          #include "osal.h"
     49          #include "hal_board.h"
     50          
     51          /***************************************************************************************************
     52           *                                             CONSTANTS
     53           ***************************************************************************************************/
     54          
     55          /***************************************************************************************************
     56           *                                              MACROS
     57           ***************************************************************************************************/
     58          
     59          /***************************************************************************************************
     60           *                                              TYPEDEFS
     61           ***************************************************************************************************/
     62          /* LED control structure */
     63          typedef struct {
     64            uint8 mode;       /* Operation mode */
     65            uint8 todo;       /* Blink cycles left */
     66            uint8 onPct;      /* On cycle percentage */
     67            uint16 time;      /* On/off cycle time (msec) */
     68            uint32 next;      /* Time for next change */
     69          } HalLedControl_t;
     70          
     71          typedef struct
     72          {
     73            HalLedControl_t HalLedControlTable[HAL_LED_DEFAULT_MAX_LEDS];
     74            uint8           sleepActive;
     75          } HalLedStatus_t;
     76          
     77          
     78          /***************************************************************************************************
     79           *                                           GLOBAL VARIABLES
     80           ***************************************************************************************************/
     81          
     82          

   \                                 In  segment XDATA_Z, align 1, keep-with-next
     83          static uint8 HalLedState;              // LED state at last set/clr/blink update
   \                     HalLedState:
   \   000000                DS 1
   \   000001                REQUIRE __INIT_XDATA_Z
     84          
     85          #if HAL_LED == TRUE

   \                                 In  segment XDATA_Z, align 1, keep-with-next
     86          static uint8 HalSleepLedState;         // LED state at last set/clr/blink update
   \                     HalSleepLedState:
   \   000000                DS 1
   \   000001                REQUIRE __INIT_XDATA_Z

   \                                 In  segment XDATA_Z, align 1, keep-with-next
     87          static uint8 preBlinkState;            // Original State before going to blink mode
   \                     preBlinkState:
   \   000000                DS 1
   \   000001                REQUIRE __INIT_XDATA_Z
     88                                                 // bit 0, 1, 2, 3 represent led 0, 1, 2, 3
     89          #endif
     90          
     91          #ifdef BLINK_LEDS

   \                                 In  segment XDATA_Z, align 1, keep-with-next
     92            static HalLedStatus_t HalLedStatusControl;
   \                     HalLedStatusControl:
   \   000000                DS 37
   \   000025                REQUIRE __INIT_XDATA_Z
     93          #endif
     94          
     95          /***************************************************************************************************
     96           *                                            LOCAL FUNCTION
     97           ***************************************************************************************************/
     98          #if (HAL_LED == TRUE)
     99          void HalLedUpdate (void);
    100          void HalLedOnOff (uint8 leds, uint8 mode);
    101          #endif /* HAL_LED */
    102          
    103          /***************************************************************************************************
    104           *                                            FUNCTIONS - API
    105           ***************************************************************************************************/
    106          
    107          /***************************************************************************************************
    108           * @fn      HalLedInit
    109           *
    110           * @brief   Initialize LED Service
    111           *
    112           * @param   init - pointer to void that contains the initialized value
    113           *
    114           * @return  None
    115           ***************************************************************************************************/

   \                                 In  segment BANKED_CODE, align 1, keep-with-next
    116          void HalLedInit (void)
   \                     HalLedInit:
    117          {
   \   000000   C082         PUSH      DPL
   \   000002   C083         PUSH      DPH
   \   000004                ; Saved register size: 2
   \   000004                ; Auto size: 0
    118          #if (HAL_LED == TRUE)
    119            /* Initialize all LEDs to OFF */
    120            HalLedSet (HAL_LED_ALL, HAL_LED_MODE_OFF);
   \   000004                ; Setup parameters for call to function HalLedSet
   \   000004   7A00         MOV       R2,#0x0
   \   000006   793F         MOV       R1,#0x3f
   \   000008   12....       LCALL     `??HalLedSet::?relay`; Banked call to: HalLedSet
    121          #endif /* HAL_LED */
    122          #ifdef BLINK_LEDS
    123            /* Initialize sleepActive to FALSE */
    124            HalLedStatusControl.sleepActive = FALSE;
   \   00000B   02....       LJMP      ?Subroutine0 & 0xFFFF
    125          #endif
    126          }

   \                                 In  segment BANKED_CODE, align 1, keep-with-next
   \                     ?Subroutine0:
   \   000000   90....       MOV       DPTR,#HalLedStatusControl + 36
   \   000003   E4           CLR       A
   \   000004                REQUIRE ??Subroutine8_0
   \   000004                ; // Fall through to label ??Subroutine8_0

   \                                 In  segment BANKED_CODE, align 1, keep-with-next
   \                     ??Subroutine8_0:
   \   000000   F0           MOVX      @DPTR,A
   \   000001                REQUIRE ??Subroutine9_0
   \   000001                ; // Fall through to label ??Subroutine9_0

   \                                 In  segment BANKED_CODE, align 1, keep-with-next
   \                     ??Subroutine9_0:
   \   000000   D083         POP       DPH
   \   000002   D082         POP       DPL
   \   000004   02....       LJMP      ?BRET
    127          
    128          /***************************************************************************************************
    129           * @fn      HalLedSet
    130           *
    131           * @brief   Tun ON/OFF/TOGGLE given LEDs
    132           *
    133           * @param   led - bit mask value of leds to be turned ON/OFF/TOGGLE
    134           *          mode - BLINK, FLASH, TOGGLE, ON, OFF
    135           * @return  None
    136           ***************************************************************************************************/

   \                                 In  segment BANKED_CODE, align 1, keep-with-next
    137          uint8 HalLedSet (uint8 leds, uint8 mode)
   \                     HalLedSet:
    138          {
   \   000000                REQUIRE ?V0
   \   000000                REQUIRE ?V1
   \   000000                REQUIRE ?V2
   \   000000   74F5         MOV       A,#-0xb
   \   000002   12....       LCALL     ?BANKED_ENTER_XDATA
   \   000005                ; Saved register size: 11
   \   000005                ; Auto size: 0
   \   000005   89..         MOV       ?V0,R1
   \   000007   8A..         MOV       ?V2,R2
    139          
    140          #if (defined (BLINK_LEDS)) && (HAL_LED == TRUE)
    141            uint8 led;
    142            HalLedControl_t *sts;
    143          
    144            switch (mode)
   \   000009   EA           MOV       A,R2
   \   00000A   602F         JZ        ??HalLedSet_0
   \   00000C   14           DEC       A
   \   00000D   602C         JZ        ??HalLedSet_0
   \   00000F   14           DEC       A
   \   000010   600A         JZ        ??HalLedSet_1
   \   000012   24FE         ADD       A,#-0x2
   \   000014   601B         JZ        ??HalLedSet_2
   \   000016   24FC         ADD       A,#-0x4
   \   000018   6021         JZ        ??HalLedSet_0
   \   00001A   800B         SJMP      ??HalLedSet_3
    145            {
    146              case HAL_LED_MODE_BLINK:
    147                /* Default blink, 1 time, D% duty cycle */
    148                HalLedBlink (leds, 1, HAL_LED_DEFAULT_DUTY_CYCLE, HAL_LED_DEFAULT_FLASH_TIME);
   \                     ??HalLedSet_1:
   \   00001C                ; Setup parameters for call to function HalLedBlink
   \   00001C   7CE8         MOV       R4,#-0x18
   \   00001E   7D03         MOV       R5,#0x3
   \   000020   7B05         MOV       R3,#0x5
   \   000022   7A01         MOV       R2,#0x1
   \                     ??HalLedSet_4:
   \   000024   12....       LCALL     `??HalLedBlink::?relay`; Banked call to: HalLedBlink
    149                break;
    150          
    151              case HAL_LED_MODE_FLASH:
    152                /* Default flash, N times, D% duty cycle */
    153                HalLedBlink (leds, HAL_LED_DEFAULT_FLASH_COUNT, HAL_LED_DEFAULT_DUTY_CYCLE, HAL_LED_DEFAULT_FLASH_TIME);
    154                break;
    155          
    156              case HAL_LED_MODE_ON:
    157              case HAL_LED_MODE_OFF:
    158              case HAL_LED_MODE_TOGGLE:
    159          
    160                led = HAL_LED_1;
    161                leds &= HAL_LED_ALL;
    162                sts = HalLedStatusControl.HalLedControlTable;
    163          
    164                while (leds)
    165                {
    166                  if (leds & led)
    167                  {
    168                    if (mode != HAL_LED_MODE_TOGGLE)
    169                    {
    170                      sts->mode = mode;  /* ON or OFF */
    171                    }
    172                    else
    173                    {
    174                      sts->mode ^= HAL_LED_MODE_ON;  /* Toggle */
    175                    }
    176                    HalLedOnOff (led, sts->mode);
    177                    leds ^= led;
    178                  }
    179                  led <<= 1;
    180                  sts++;
    181                }
    182                break;
    183          
    184              default:
    185                break;
    186            }
    187          
    188          #elif (HAL_LED == TRUE)
    189            LedOnOff(leds, mode);
    190          #else
    191            // HAL LED is disabled, suppress unused argument warnings
    192            (void) leds;
    193            (void) mode;
    194          #endif /* BLINK_LEDS && HAL_LED   */
    195          
    196            return ( HalLedState );
   \                     ??HalLedSet_3:
   \   000027   90....       MOV       DPTR,#HalLedState
   \   00002A   E0           MOVX      A,@DPTR
   \   00002B   F9           MOV       R1,A
   \   00002C   7F03         MOV       R7,#0x3
   \   00002E   02....       LJMP      ?BANKED_LEAVE_XDATA
   \                     ??HalLedSet_2:
   \   000031                ; Setup parameters for call to function HalLedBlink
   \   000031   7CE8         MOV       R4,#-0x18
   \   000033   7D03         MOV       R5,#0x3
   \   000035   7B05         MOV       R3,#0x5
   \   000037   7A32         MOV       R2,#0x32
   \   000039   80E9         SJMP      ??HalLedSet_4
   \                     ??HalLedSet_0:
   \   00003B   75..01       MOV       ?V1,#0x1
   \   00003E   53..3F       ANL       ?V0,#0x3f
   \   000041   7E..         MOV       R6,#HalLedStatusControl & 0xff
   \   000043   7F..         MOV       R7,#(HalLedStatusControl >> 8) & 0xff
   \   000045   801C         SJMP      ??HalLedSet_5
   \                     ??HalLedSet_6:
   \   000047   E0           MOVX      A,@DPTR
   \   000048   6401         XRL       A,#0x1
   \                     ??HalLedSet_7:
   \   00004A   F0           MOVX      @DPTR,A
   \   00004B                ; Setup parameters for call to function HalLedOnOff
   \   00004B   E0           MOVX      A,@DPTR
   \   00004C   FA           MOV       R2,A
   \   00004D   A9..         MOV       R1,?V1
   \   00004F   12....       LCALL     `??HalLedOnOff::?relay`; Banked call to: HalLedOnOff
   \   000052   E5..         MOV       A,?V1
   \   000054   62..         XRL       ?V0,A
   \                     ??HalLedSet_8:
   \   000056   E5..         MOV       A,?V1
   \   000058   C3           CLR       C
   \   000059   33           RLC       A
   \   00005A   F5..         MOV       ?V1,A
   \   00005C   EE           MOV       A,R6
   \   00005D   2409         ADD       A,#0x9
   \   00005F   FE           MOV       R6,A
   \   000060   5001         JNC       ??HalLedSet_5
   \   000062   0F           INC       R7
   \                     ??HalLedSet_5:
   \   000063   E5..         MOV       A,?V0
   \   000065   60C0         JZ        ??HalLedSet_3
   \   000067   55..         ANL       A,?V1
   \   000069   60EB         JZ        ??HalLedSet_8
   \   00006B   7408         MOV       A,#0x8
   \   00006D   65..         XRL       A,?V2
   \   00006F   8E82         MOV       DPL,R6
   \   000071   8F83         MOV       DPH,R7
   \   000073   60D2         JZ        ??HalLedSet_6
   \   000075   E5..         MOV       A,?V2
   \   000077   80D1         SJMP      ??HalLedSet_7
    197          
    198          }
    199          
    200          /***************************************************************************************************
    201           * @fn      HalLedBlink
    202           *
    203           * @brief   Blink the leds
    204           *
    205           * @param   leds       - bit mask value of leds to be blinked
    206           *          numBlinks  - number of blinks
    207           *          percent    - the percentage in each period where the led
    208           *                       will be on
    209           *          period     - length of each cycle in milliseconds
    210           *
    211           * @return  None
    212           ***************************************************************************************************/

   \                                 In  segment BANKED_CODE, align 1, keep-with-next
    213          void HalLedBlink (uint8 leds, uint8 numBlinks, uint8 percent, uint16 period)
   \                     HalLedBlink:
    214          {
   \   000000                REQUIRE ?V0
   \   000000                REQUIRE ?V1
   \   000000                REQUIRE ?V2
   \   000000                REQUIRE ?V3
   \   000000                REQUIRE ?V4
   \   000000                REQUIRE ?V5
   \   000000   74F2         MOV       A,#-0xe
   \   000002   12....       LCALL     ?BANKED_ENTER_XDATA
   \   000005                ; Saved register size: 14
   \   000005                ; Auto size: 0
   \   000005   89..         MOV       ?V0,R1
   \   000007   8A..         MOV       ?V3,R2
   \   000009   8B..         MOV       ?V2,R3
   \   00000B   8C..         MOV       ?V4,R4
   \   00000D   8D..         MOV       ?V5,R5
    215          #if (defined (BLINK_LEDS)) && (HAL_LED == TRUE)
    216            uint8 led;
    217            HalLedControl_t *sts;
    218          
    219            if (leds && percent && period)
   \   00000F   E9           MOV       A,R1
   \   000010   7003         JNZ       $+5
   \   000012   02....       LJMP      ??HalLedBlink_0 & 0xFFFF
   \   000015   EB           MOV       A,R3
   \   000016   7003         JNZ       $+5
   \   000018   02....       LJMP      ??HalLedBlink_0 & 0xFFFF
   \   00001B   EC           MOV       A,R4
   \   00001C   4D           ORL       A,R5
   \   00001D   7003         JNZ       $+5
   \   00001F   02....       LJMP      ??HalLedBlink_0 & 0xFFFF
    220            {
    221              if (percent < 100)
   \   000022   EB           MOV       A,R3
   \   000023   C3           CLR       C
   \   000024   9464         SUBB      A,#0x64
   \   000026   4003         JC        $+5
   \   000028   02....       LJMP      ??HalLedBlink_1 & 0xFFFF
    222              {
    223                led = HAL_LED_1;
   \   00002B   75..01       MOV       ?V1,#0x1
    224                leds &= HAL_LED_ALL;
   \   00002E   53..3F       ANL       ?V0,#0x3f
    225                sts = HalLedStatusControl.HalLedControlTable;
   \   000031   7E..         MOV       R6,#HalLedStatusControl & 0xff
   \   000033   7F..         MOV       R7,#(HalLedStatusControl >> 8) & 0xff
   \   000035   806B         SJMP      ??HalLedBlink_2
    226          
    227                while (leds)
    228                {
    229                  if (leds & led)
   \                     ??HalLedBlink_3:
   \   000037   55..         ANL       A,?V1
   \   000039   605A         JZ        ??HalLedBlink_4
    230                  {
    231                    /* Store the current state of the led before going to blinking */
    232                    preBlinkState |= (led & HalLedState);
   \   00003B   90....       MOV       DPTR,#HalLedState
   \   00003E   E0           MOVX      A,@DPTR
   \   00003F   55..         ANL       A,?V1
   \   000041   F8           MOV       R0,A
   \   000042   90....       MOV       DPTR,#preBlinkState
   \   000045   E0           MOVX      A,@DPTR
   \   000046   48           ORL       A,R0
   \   000047   F0           MOVX      @DPTR,A
    233          
    234                    sts->mode  = HAL_LED_MODE_OFF;                    /* Stop previous blink */
   \   000048   8E82         MOV       DPL,R6
   \   00004A   8F83         MOV       DPH,R7
   \   00004C   E4           CLR       A
   \   00004D   F0           MOVX      @DPTR,A
    235                    sts->time  = period;                              /* Time for one on/off cycle */
   \   00004E   A3           INC       DPTR
   \   00004F   A3           INC       DPTR
   \   000050   A3           INC       DPTR
   \   000051   E5..         MOV       A,?V4
   \   000053   F0           MOVX      @DPTR,A
   \   000054   A3           INC       DPTR
   \   000055   E5..         MOV       A,?V5
   \   000057   F0           MOVX      @DPTR,A
    236                    sts->onPct = percent;                             /* % of cycle LED is on */
   \   000058   8E82         MOV       DPL,R6
   \   00005A   8F83         MOV       DPH,R7
   \   00005C   A3           INC       DPTR
   \   00005D   A3           INC       DPTR
   \   00005E   E5..         MOV       A,?V2
   \   000060   F0           MOVX      @DPTR,A
    237                    sts->todo  = numBlinks;                           /* Number of blink cycles */
   \   000061   8E82         MOV       DPL,R6
   \   000063   8F83         MOV       DPH,R7
   \   000065   A3           INC       DPTR
   \   000066   E5..         MOV       A,?V3
   \   000068   F0           MOVX      @DPTR,A
    238                    if (!numBlinks) sts->mode |= HAL_LED_MODE_FLASH;  /* Continuous */
   \   000069   7007         JNZ       ??HalLedBlink_5
   \   00006B   8E82         MOV       DPL,R6
   \   00006D   8F83         MOV       DPH,R7
   \   00006F   7404         MOV       A,#0x4
   \   000071   F0           MOVX      @DPTR,A
    239                    sts->next = osal_GetSystemClock();                /* Start now */
   \                     ??HalLedBlink_5:
   \   000072                ; Setup parameters for call to function osal_GetSystemClock
   \   000072   12....       LCALL     `??osal_GetSystemClock::?relay`; Banked call to: osal_GetSystemClock
   \   000075   EA           MOV       A,R2
   \   000076   F8           MOV       R0,A
   \   000077   EB           MOV       A,R3
   \   000078   F9           MOV       R1,A
   \   000079   EC           MOV       A,R4
   \   00007A   FA           MOV       R2,A
   \   00007B   ED           MOV       A,R5
   \   00007C   FB           MOV       R3,A
   \   00007D   8E82         MOV       DPL,R6
   \   00007F   8F83         MOV       DPH,R7
   \   000081   A3           INC       DPTR
   \   000082   A3           INC       DPTR
   \   000083   A3           INC       DPTR
   \   000084   A3           INC       DPTR
   \   000085   A3           INC       DPTR
   \   000086   12....       LCALL     ?XSTORE_R0123
    240                    sts->mode |= HAL_LED_MODE_BLINK;                  /* Enable blinking */
   \   000089   8E82         MOV       DPL,R6
   \   00008B   8F83         MOV       DPH,R7
   \   00008D   E0           MOVX      A,@DPTR
   \   00008E   D2E1         SETB      0xE0 /* A   */.1
   \   000090   F0           MOVX      @DPTR,A
    241                    leds ^= led;
   \   000091   E5..         MOV       A,?V1
   \   000093   62..         XRL       ?V0,A
    242                  }
    243                  led <<= 1;
   \                     ??HalLedBlink_4:
   \   000095   E5..         MOV       A,?V1
   \   000097   C3           CLR       C
   \   000098   33           RLC       A
   \   000099   F5..         MOV       ?V1,A
    244                  sts++;
   \   00009B   EE           MOV       A,R6
   \   00009C   2409         ADD       A,#0x9
   \   00009E   FE           MOV       R6,A
   \   00009F   5001         JNC       ??HalLedBlink_2
   \   0000A1   0F           INC       R7
    245                }
   \                     ??HalLedBlink_2:
   \   0000A2   E5..         MOV       A,?V0
   \   0000A4   7091         JNZ       ??HalLedBlink_3
    246                osal_set_event (Hal_TaskID, HAL_LED_BLINK_EVENT);
   \   0000A6                ; Setup parameters for call to function osal_set_event
   \   0000A6   7A02         MOV       R2,#0x2
   \   0000A8   7B00         MOV       R3,#0x0
   \   0000AA   90....       MOV       DPTR,#Hal_TaskID
   \   0000AD   E0           MOVX      A,@DPTR
   \   0000AE   F9           MOV       R1,A
   \   0000AF   12....       LCALL     `??osal_set_event::?relay`; Banked call to: osal_set_event
   \   0000B2   8009         SJMP      ??HalLedBlink_6
    247              }
    248              else
    249              {
    250                HalLedSet (leds, HAL_LED_MODE_ON);                    /* >= 100%, turn on */
   \                     ??HalLedBlink_1:
   \   0000B4                ; Setup parameters for call to function HalLedSet
   \   0000B4   7A01         MOV       R2,#0x1
   \   0000B6   8002         SJMP      ??HalLedBlink_7
    251              }
    252            }
    253            else
    254            {
    255              HalLedSet (leds, HAL_LED_MODE_OFF);                     /* No on time, turn off */
   \                     ??HalLedBlink_0:
   \   0000B8                ; Setup parameters for call to function HalLedSet
   \   0000B8   7A00         MOV       R2,#0x0
   \                     ??HalLedBlink_7:
   \   0000BA   12....       LCALL     `??HalLedSet::?relay`; Banked call to: HalLedSet
    256            }
    257          #elif (HAL_LED == TRUE)
    258            percent = (leds & HalLedState) ? HAL_LED_MODE_OFF : HAL_LED_MODE_ON;
    259            HalLedOnOff (leds, percent);                              /* Toggle */
    260          #else
    261            // HAL LED is disabled, suppress unused argument warnings
    262            (void) leds;
    263            (void) numBlinks;
    264            (void) percent;
    265            (void) period;
    266          #endif /* BLINK_LEDS && HAL_LED */
    267          }
   \                     ??HalLedBlink_6:
   \   0000BD   7F06         MOV       R7,#0x6
   \   0000BF   02....       LJMP      ?BANKED_LEAVE_XDATA
    268          
    269          #if (HAL_LED == TRUE)
    270          /***************************************************************************************************
    271           * @fn      HalLedUpdate
    272           *
    273           * @brief   Update leds to work with blink
    274           *
    275           * @param   none
    276           *
    277           * @return  none
    278           ***************************************************************************************************/

   \                                 In  segment BANKED_CODE, align 1, keep-with-next
    279          void HalLedUpdate (void)
   \                     HalLedUpdate:
    280          {
   \   000000                REQUIRE ?V0
   \   000000                REQUIRE ?V1
   \   000000                REQUIRE ?V2
   \   000000                REQUIRE ?V3
   \   000000                REQUIRE ?V4
   \   000000                REQUIRE ?V5
   \   000000                REQUIRE ?V6
   \   000000                REQUIRE ?V7
   \   000000   74F0         MOV       A,#-0x10
   \   000002   12....       LCALL     ?BANKED_ENTER_XDATA
   \   000005                ; Saved register size: 16
   \   000005                ; Auto size: 13
   \   000005   74F3         MOV       A,#-0xd
   \   000007   12....       LCALL     ?ALLOC_XSTACK8
    281            uint8 led;
    282            uint8 pct;
    283            uint8 leds;
    284            HalLedControl_t *sts;
    285            uint32 time;
    286            uint16 next;
    287            uint16 wait;
    288          
    289            next = 0;
   \   00000A   7405         MOV       A,#0x5
   \   00000C   12....       LCALL     ?XSTACK_DISP0_8
   \   00000F   E4           CLR       A
   \   000010   F0           MOVX      @DPTR,A
   \   000011   A3           INC       DPTR
   \   000012   F0           MOVX      @DPTR,A
    290            led  = HAL_LED_1;
   \   000013   85..82       MOV       DPL,?XSP + 0
   \   000016   85..83       MOV       DPH,?XSP + 1
   \   000019   04           INC       A
   \   00001A   F0           MOVX      @DPTR,A
    291            leds = HAL_LED_ALL;
   \   00001B   7403         MOV       A,#0x3
   \   00001D   12....       LCALL     ?XSTACK_DISP0_8
   \   000020   743F         MOV       A,#0x3f
   \   000022   F0           MOVX      @DPTR,A
    292            sts = HalLedStatusControl.HalLedControlTable;
   \   000023   7401         MOV       A,#0x1
   \   000025   12....       LCALL     ?XSTACK_DISP0_8
   \   000028   74..         MOV       A,#HalLedStatusControl & 0xff
   \   00002A   F0           MOVX      @DPTR,A
   \   00002B   A3           INC       DPTR
   \   00002C   74..         MOV       A,#(HalLedStatusControl >> 8) & 0xff
   \   00002E   F0           MOVX      @DPTR,A
    293          
    294            /* Check if sleep is active or not */
    295            if (!HalLedStatusControl.sleepActive)
   \   00002F   90....       MOV       DPTR,#HalLedStatusControl + 36
   \   000032   E0           MOVX      A,@DPTR
   \   000033   6003         JZ        $+5
   \   000035   02....       LJMP      ??HalLedUpdate_0 & 0xFFFF
    296            {
    297              while (leds)
    298              {
    299                if (leds & led)
   \                     ??HalLedUpdate_1:
   \   000038   85..82       MOV       DPL,?XSP + 0
   \   00003B   85..83       MOV       DPH,?XSP + 1
   \   00003E   E0           MOVX      A,@DPTR
   \   00003F   F8           MOV       R0,A
   \   000040   7403         MOV       A,#0x3
   \   000042   12....       LCALL     ?XSTACK_DISP0_8
   \   000045   E0           MOVX      A,@DPTR
   \   000046   58           ANL       A,R0
   \   000047   7003         JNZ       $+5
   \   000049   02....       LJMP      ??HalLedUpdate_2 & 0xFFFF
    300                {
    301                  if (sts->mode & HAL_LED_MODE_BLINK)
   \   00004C   7401         MOV       A,#0x1
   \   00004E   12....       LCALL     ?XSTACK_DISP0_8
   \   000051   12....       LCALL     ?Subroutine1 & 0xFFFF
   \                     ??CrossCallReturnLabel_0:
   \   000054   4003         JC        $+5
   \   000056   02....       LJMP      ??HalLedUpdate_3 & 0xFFFF
    302                  {
    303                    time = osal_GetSystemClock();
   \   000059                ; Setup parameters for call to function osal_GetSystemClock
   \   000059   12....       LCALL     `??osal_GetSystemClock::?relay`; Banked call to: osal_GetSystemClock
   \   00005C   7409         MOV       A,#0x9
   \   00005E   12....       LCALL     ?XSTACK_DISP0_8
   \   000061   12....       LCALL     ?XSTORE_R2345
    304                    if (time >= sts->next)
   \   000064   7401         MOV       A,#0x1
   \   000066   12....       LCALL     ?XSTACK_DISP0_8
   \   000069   E0           MOVX      A,@DPTR
   \   00006A   2405         ADD       A,#0x5
   \   00006C   F8           MOV       R0,A
   \   00006D   A3           INC       DPTR
   \   00006E   E0           MOVX      A,@DPTR
   \   00006F   3400         ADDC      A,#0x0
   \   000071   F9           MOV       R1,A
   \   000072   7407         MOV       A,#0x7
   \   000074   12....       LCALL     ?XSTACK_DISP0_8
   \   000077   E8           MOV       A,R0
   \   000078   F0           MOVX      @DPTR,A
   \   000079   A3           INC       DPTR
   \   00007A   E9           MOV       A,R1
   \   00007B   F0           MOVX      @DPTR,A
   \   00007C   7407         MOV       A,#0x7
   \   00007E   12....       LCALL     ?XSTACK_DISP0_8
   \   000081   12....       LCALL     ?Subroutine3 & 0xFFFF
   \                     ??CrossCallReturnLabel_6:
   \   000084   12....       LCALL     ?L_MOV_X
   \   000087   7409         MOV       A,#0x9
   \   000089   12....       LCALL     ?XSTACK_DISP0_8
   \   00008C   78..         MOV       R0,#?V0
   \   00008E   12....       LCALL     ?UL_GT_X
   \   000091   5003         JNC       $+5
   \   000093   02....       LJMP      ??HalLedUpdate_4 & 0xFFFF
    305                    {
    306                      if (sts->mode & HAL_LED_MODE_ON)
   \   000096   7401         MOV       A,#0x1
   \   000098   12....       LCALL     ?XSTACK_DISP0_8
   \   00009B   12....       LCALL     ?Subroutine5 & 0xFFFF
   \                     ??CrossCallReturnLabel_12:
   \   00009E   A3           INC       DPTR
   \   00009F   A3           INC       DPTR
   \   0000A0   E0           MOVX      A,@DPTR
   \   0000A1   F8           MOV       R0,A
   \   0000A2   7401         MOV       A,#0x1
   \   0000A4   12....       LCALL     ?XSTACK_DISP0_8
   \   0000A7   E0           MOVX      A,@DPTR
   \   0000A8   F9           MOV       R1,A
   \   0000A9   A3           INC       DPTR
   \   0000AA   E0           MOVX      A,@DPTR
   \   0000AB   F583         MOV       DPH,A
   \   0000AD   8982         MOV       DPL,R1
   \   0000AF   E0           MOVX      A,@DPTR
   \   0000B0   A2E0         MOV       C,0xE0 /* A   */.0
   \   0000B2   504D         JNC       ??HalLedUpdate_5
    307                      {
    308                        pct = 100 - sts->onPct;               /* Percentage of cycle for off */
   \   0000B4   7464         MOV       A,#0x64
   \   0000B6   C3           CLR       C
   \   0000B7   98           SUBB      A,R0
   \   0000B8   C0E0         PUSH      A
   \   0000BA   7404         MOV       A,#0x4
   \   0000BC   12....       LCALL     ?XSTACK_DISP0_8
   \   0000BF   D0E0         POP       A
   \   0000C1   F0           MOVX      @DPTR,A
    309                        sts->mode &= ~HAL_LED_MODE_ON;        /* Say it's not on */
   \   0000C2   7401         MOV       A,#0x1
   \   0000C4   12....       LCALL     ?XSTACK_DISP0_8
   \   0000C7   12....       LCALL     ?Subroutine2 & 0xFFFF
   \                     ??CrossCallReturnLabel_2:
   \   0000CA   C2E0         CLR       0xE0 /* A   */.0
   \   0000CC   F0           MOVX      @DPTR,A
    310                        HalLedOnOff (led, HAL_LED_MODE_OFF);  /* Turn it off */
   \   0000CD                ; Setup parameters for call to function HalLedOnOff
   \   0000CD   7A00         MOV       R2,#0x0
   \   0000CF   12....       LCALL     ?Subroutine4 & 0xFFFF
    311          
    312                        if (!(sts->mode & HAL_LED_MODE_FLASH))
   \                     ??CrossCallReturnLabel_8:
   \   0000D2   7401         MOV       A,#0x1
   \   0000D4   12....       LCALL     ?XSTACK_DISP0_8
   \   0000D7   12....       LCALL     ?Subroutine2 & 0xFFFF
   \                     ??CrossCallReturnLabel_3:
   \   0000DA   A2E2         MOV       C,0xE0 /* A   */.2
   \   0000DC   403A         JC        ??CrossCallReturnLabel_9
    313                        {
    314                          sts->todo--;                        /* Not continuous, reduce count */
   \   0000DE   7401         MOV       A,#0x1
   \   0000E0   12....       LCALL     ?XSTACK_DISP0_8
   \   0000E3   E0           MOVX      A,@DPTR
   \   0000E4   2401         ADD       A,#0x1
   \   0000E6   08           INC       R0
   \   0000E7   A3           INC       DPTR
   \   0000E8   E0           MOVX      A,@DPTR
   \   0000E9   3400         ADDC      A,#0x0
   \   0000EB   8882         MOV       DPL,R0
   \   0000ED   F583         MOV       DPH,A
   \   0000EF   E0           MOVX      A,@DPTR
   \   0000F0   14           DEC       A
   \   0000F1   F0           MOVX      @DPTR,A
    315                          if (!sts->todo)
   \   0000F2   7024         JNZ       ??CrossCallReturnLabel_9
    316                          {
    317                            sts->mode ^= HAL_LED_MODE_BLINK;  /* No more blinks */
   \   0000F4   7401         MOV       A,#0x1
   \   0000F6   12....       LCALL     ?XSTACK_DISP0_8
   \   0000F9   12....       LCALL     ?Subroutine2 & 0xFFFF
    318                          }
    319                        }
    320                      }
   \                     ??CrossCallReturnLabel_4:
   \   0000FC   6402         XRL       A,#0x2
   \   0000FE   F0           MOVX      @DPTR,A
   \   0000FF   8017         SJMP      ??CrossCallReturnLabel_9
    321                      else
    322                      {
    323                        pct = sts->onPct;                     /* Percentage of cycle for on */
   \                     ??HalLedUpdate_5:
   \   000101   7404         MOV       A,#0x4
   \   000103   12....       LCALL     ?XSTACK_DISP0_8
   \   000106   E8           MOV       A,R0
   \   000107   F0           MOVX      @DPTR,A
    324                        sts->mode |= HAL_LED_MODE_ON;         /* Say it's on */
   \   000108   7401         MOV       A,#0x1
   \   00010A   12....       LCALL     ?XSTACK_DISP0_8
   \   00010D   12....       LCALL     ?Subroutine2 & 0xFFFF
   \                     ??CrossCallReturnLabel_5:
   \   000110   D2E0         SETB      0xE0 /* A   */.0
   \   000112   F0           MOVX      @DPTR,A
    325                        HalLedOnOff (led, HAL_LED_MODE_ON);   /* Turn it on */
   \   000113                ; Setup parameters for call to function HalLedOnOff
   \   000113   7A01         MOV       R2,#0x1
   \   000115   12....       LCALL     ?Subroutine4 & 0xFFFF
    326                      }
    327          
    328                      if (sts->mode & HAL_LED_MODE_BLINK)
   \                     ??CrossCallReturnLabel_9:
   \   000118   7401         MOV       A,#0x1
   \   00011A   12....       LCALL     ?XSTACK_DISP0_8
   \   00011D   12....       LCALL     ?Subroutine1 & 0xFFFF
   \                     ??CrossCallReturnLabel_1:
   \   000120   505F         JNC       ??HalLedUpdate_6
    329                      {
    330                        wait = (((uint32)pct * (uint32)sts->time) / 100);
   \   000122   7404         MOV       A,#0x4
   \   000124   12....       LCALL     ?XSTACK_DISP0_8
   \   000127   E0           MOVX      A,@DPTR
   \   000128   F5..         MOV       ?V4,A
   \   00012A   E4           CLR       A
   \   00012B   F5..         MOV       ?V5,A
   \   00012D   F5..         MOV       ?V6,A
   \   00012F   F5..         MOV       ?V7,A
   \   000131   04           INC       A
   \   000132   12....       LCALL     ?XSTACK_DISP0_8
   \   000135   12....       LCALL     ??Subroutine7_0 & 0xFFFF
   \                     ??CrossCallReturnLabel_11:
   \   000138   A3           INC       DPTR
   \   000139   A3           INC       DPTR
   \   00013A   A3           INC       DPTR
   \   00013B   E0           MOVX      A,@DPTR
   \   00013C   F5..         MOV       ?V0,A
   \   00013E   A3           INC       DPTR
   \   00013F   E0           MOVX      A,@DPTR
   \   000140   F5..         MOV       ?V1,A
   \   000142   E4           CLR       A
   \   000143   F5..         MOV       ?V2,A
   \   000145   F5..         MOV       ?V3,A
   \   000147   78..         MOV       R0,#?V4
   \   000149   79..         MOV       R1,#?V0
   \   00014B   12....       LCALL     ?L_MUL
   \   00014E   90....       MOV       DPTR,#__Constant_64
   \   000151   78..         MOV       R0,#?V0
   \   000153   12....       LCALL     ?L_MOV_X
   \   000156   78..         MOV       R0,#?V4
   \   000158   79..         MOV       R1,#?V0
   \   00015A   12....       LCALL     ?UL_DIV_MOD
   \   00015D   AE..         MOV       R6,?V4
   \   00015F   AF..         MOV       R7,?V5
    331                        sts->next = time + wait;
   \   000161   7409         MOV       A,#0x9
   \   000163   12....       LCALL     ?XSTACK_DISP0_8
   \   000166   8E..         MOV       ?V0,R6
   \   000168   8F..         MOV       ?V1,R7
   \   00016A   E4           CLR       A
   \   00016B   F5..         MOV       ?V2,A
   \   00016D   F5..         MOV       ?V3,A
   \   00016F   78..         MOV       R0,#?V0
   \   000171   12....       LCALL     ?L_ADD_X
   \   000174   7407         MOV       A,#0x7
   \   000176   12....       LCALL     ?XSTACK_DISP0_8
   \   000179   12....       LCALL     ?Subroutine3 & 0xFFFF
    332                      }
   \                     ??CrossCallReturnLabel_7:
   \   00017C   12....       LCALL     ?L_MOV_TO_X
   \   00017F   804A         SJMP      ??HalLedUpdate_7
    333                      else
    334                      {
    335                        /* no more blink, no more wait */
    336                        wait = 0;
   \                     ??HalLedUpdate_6:
   \   000181   7E00         MOV       R6,#0x0
   \   000183   7F00         MOV       R7,#0x0
    337                        /* After blinking, set the LED back to the state before it blinks */
    338                        HalLedSet (led, ((preBlinkState & led)!=0)?HAL_LED_MODE_ON:HAL_LED_MODE_OFF);
   \   000185   85..82       MOV       DPL,?XSP + 0
   \   000188   85..83       MOV       DPH,?XSP + 1
   \   00018B   E0           MOVX      A,@DPTR
   \   00018C   F8           MOV       R0,A
   \   00018D   90....       MOV       DPTR,#preBlinkState
   \   000190   E0           MOVX      A,@DPTR
   \   000191   58           ANL       A,R0
   \   000192   6004         JZ        ??HalLedUpdate_8
   \   000194   7A01         MOV       R2,#0x1
   \   000196   8002         SJMP      ??HalLedUpdate_9
   \                     ??HalLedUpdate_8:
   \   000198   7A00         MOV       R2,#0x0
   \                     ??HalLedUpdate_9:
   \   00019A                ; Setup parameters for call to function HalLedSet
   \   00019A   85..82       MOV       DPL,?XSP + 0
   \   00019D   85..83       MOV       DPH,?XSP + 1
   \   0001A0   E0           MOVX      A,@DPTR
   \   0001A1   F9           MOV       R1,A
   \   0001A2   12....       LCALL     `??HalLedSet::?relay`; Banked call to: HalLedSet
    339                        /* Clear the saved bit */
    340                        preBlinkState &= (led ^ 0xFF);
   \   0001A5   85..82       MOV       DPL,?XSP + 0
   \   0001A8   85..83       MOV       DPH,?XSP + 1
   \   0001AB   E0           MOVX      A,@DPTR
   \   0001AC   F4           CPL       A
   \   0001AD   F8           MOV       R0,A
   \   0001AE   90....       MOV       DPTR,#preBlinkState
   \   0001B1   E0           MOVX      A,@DPTR
   \   0001B2   58           ANL       A,R0
   \   0001B3   F0           MOVX      @DPTR,A
   \   0001B4   8015         SJMP      ??HalLedUpdate_7
    341                      }
    342                    }
    343                    else
    344                    {
    345                      wait = sts->next - time;  /* Time left */
   \                     ??HalLedUpdate_4:
   \   0001B6   7409         MOV       A,#0x9
   \   0001B8   12....       LCALL     ?XSTACK_DISP0_8
   \   0001BB   78..         MOV       R0,#?V4
   \   0001BD   12....       LCALL     ?L_MOV_X
   \   0001C0   E5..         MOV       A,?V0
   \   0001C2   C3           CLR       C
   \   0001C3   95..         SUBB      A,?V4
   \   0001C5   FE           MOV       R6,A
   \   0001C6   E5..         MOV       A,?V1
   \   0001C8   95..         SUBB      A,?V5
   \   0001CA   FF           MOV       R7,A
    346                    }
    347          
    348                    if (!next || ( wait && (wait < next) ))
   \                     ??HalLedUpdate_7:
   \   0001CB   7405         MOV       A,#0x5
   \   0001CD   12....       LCALL     ?XSTACK_DISP0_8
   \   0001D0   E0           MOVX      A,@DPTR
   \   0001D1   F8           MOV       R0,A
   \   0001D2   A3           INC       DPTR
   \   0001D3   E0           MOVX      A,@DPTR
   \   0001D4   F9           MOV       R1,A
   \   0001D5   E8           MOV       A,R0
   \   0001D6   49           ORL       A,R1
   \   0001D7   600B         JZ        ??HalLedUpdate_10
   \   0001D9   EE           MOV       A,R6
   \   0001DA   4F           ORL       A,R7
   \   0001DB   6011         JZ        ??HalLedUpdate_3
   \   0001DD   C3           CLR       C
   \   0001DE   EE           MOV       A,R6
   \   0001DF   98           SUBB      A,R0
   \   0001E0   EF           MOV       A,R7
   \   0001E1   99           SUBB      A,R1
   \   0001E2   500A         JNC       ??HalLedUpdate_3
    349                    {
    350                      next = wait;
   \                     ??HalLedUpdate_10:
   \   0001E4   7405         MOV       A,#0x5
   \   0001E6   12....       LCALL     ?XSTACK_DISP0_8
   \   0001E9   EE           MOV       A,R6
   \   0001EA   F0           MOVX      @DPTR,A
   \   0001EB   A3           INC       DPTR
   \   0001EC   EF           MOV       A,R7
   \   0001ED   F0           MOVX      @DPTR,A
    351                    }
    352                  }
    353                  leds ^= led;
   \                     ??HalLedUpdate_3:
   \   0001EE   85..82       MOV       DPL,?XSP + 0
   \   0001F1   85..83       MOV       DPH,?XSP + 1
   \   0001F4   E0           MOVX      A,@DPTR
   \   0001F5   F8           MOV       R0,A
   \   0001F6   7403         MOV       A,#0x3
   \   0001F8   12....       LCALL     ?XSTACK_DISP0_8
   \   0001FB   E0           MOVX      A,@DPTR
   \   0001FC   68           XRL       A,R0
   \   0001FD   F0           MOVX      @DPTR,A
    354                }
    355                led <<= 1;
   \                     ??HalLedUpdate_2:
   \   0001FE   85..82       MOV       DPL,?XSP + 0
   \   000201   85..83       MOV       DPH,?XSP + 1
   \   000204   E0           MOVX      A,@DPTR
   \   000205   C3           CLR       C
   \   000206   33           RLC       A
   \   000207   F0           MOVX      @DPTR,A
    356                sts++;
   \   000208   7401         MOV       A,#0x1
   \   00020A   12....       LCALL     ?XSTACK_DISP0_8
   \   00020D   E0           MOVX      A,@DPTR
   \   00020E   2409         ADD       A,#0x9
   \   000210   F8           MOV       R0,A
   \   000211   A3           INC       DPTR
   \   000212   E0           MOVX      A,@DPTR
   \   000213   3400         ADDC      A,#0x0
   \   000215   F9           MOV       R1,A
   \   000216   7401         MOV       A,#0x1
   \   000218   12....       LCALL     ?XSTACK_DISP0_8
   \   00021B   E8           MOV       A,R0
   \   00021C   F0           MOVX      @DPTR,A
   \   00021D   A3           INC       DPTR
   \   00021E   E9           MOV       A,R1
   \   00021F   F0           MOVX      @DPTR,A
    357              }
   \   000220   7403         MOV       A,#0x3
   \   000222   12....       LCALL     ?XSTACK_DISP0_8
   \   000225   E0           MOVX      A,@DPTR
   \   000226   6003         JZ        $+5
   \   000228   02....       LJMP      ??HalLedUpdate_1 & 0xFFFF
    358          
    359              if (next)
   \   00022B   7405         MOV       A,#0x5
   \   00022D   12....       LCALL     ?XSTACK_DISP0_8
   \   000230   E0           MOVX      A,@DPTR
   \   000231   F8           MOV       R0,A
   \   000232   A3           INC       DPTR
   \   000233   E0           MOVX      A,@DPTR
   \   000234   F9           MOV       R1,A
   \   000235   E8           MOV       A,R0
   \   000236   49           ORL       A,R1
   \   000237   6016         JZ        ??HalLedUpdate_0
    360              {
    361                osal_start_timerEx(Hal_TaskID, HAL_LED_BLINK_EVENT, next);   /* Schedule event */
   \   000239                ; Setup parameters for call to function osal_start_timerEx
   \   000239   7405         MOV       A,#0x5
   \   00023B   12....       LCALL     ?XSTACK_DISP0_8
   \   00023E   E0           MOVX      A,@DPTR
   \   00023F   FC           MOV       R4,A
   \   000240   A3           INC       DPTR
   \   000241   E0           MOVX      A,@DPTR
   \   000242   FD           MOV       R5,A
   \   000243   7A02         MOV       R2,#0x2
   \   000245   7B00         MOV       R3,#0x0
   \   000247   90....       MOV       DPTR,#Hal_TaskID
   \   00024A   E0           MOVX      A,@DPTR
   \   00024B   F9           MOV       R1,A
   \   00024C   12....       LCALL     `??osal_start_timerEx::?relay`; Banked call to: osal_start_timerEx
    362              }
    363            }
    364          }
   \                     ??HalLedUpdate_0:
   \   00024F   740D         MOV       A,#0xd
   \   000251   12....       LCALL     ?DEALLOC_XSTACK8
   \   000254   7F08         MOV       R7,#0x8
   \   000256   02....       LJMP      ?BANKED_LEAVE_XDATA

   \                                 In  segment BANKED_CODE, align 1, keep-with-next
   \                     ?Subroutine4:
   \   000000   85..82       MOV       DPL,?XSP + 0
   \   000003   85..83       MOV       DPH,?XSP + 1
   \   000006                REQUIRE ??Subroutine6_0
   \   000006                ; // Fall through to label ??Subroutine6_0

   \                                 In  segment BANKED_CODE, align 1, keep-with-next
   \                     ??Subroutine6_0:
   \   000000   E0           MOVX      A,@DPTR
   \   000001   F9           MOV       R1,A
   \   000002   12....       LCALL     `??HalLedOnOff::?relay`; Banked call to: HalLedOnOff
   \   000005   22           RET

   \                                 In  segment BANKED_CODE, align 1, keep-with-next
   \                     ?Subroutine3:
   \   000000   12....       LCALL     ?Subroutine5 & 0xFFFF
   \                     ??CrossCallReturnLabel_15:
   \   000003   78..         MOV       R0,#?V0
   \   000005   22           RET

   \                                 In  segment BANKED_CODE, align 1, keep-with-next
   \                     ?Subroutine2:
   \   000000   12....       LCALL     ?Subroutine5 & 0xFFFF
   \                     ??CrossCallReturnLabel_14:
   \   000003   E0           MOVX      A,@DPTR
   \   000004   22           RET

   \                                 In  segment BANKED_CODE, align 1, keep-with-next
   \                     ?Subroutine5:
   \   000000   E0           MOVX      A,@DPTR
   \   000001   F8           MOV       R0,A
   \   000002                REQUIRE ??Subroutine7_0
   \   000002                ; // Fall through to label ??Subroutine7_0

   \                                 In  segment BANKED_CODE, align 1, keep-with-next
   \                     ??Subroutine7_0:
   \   000000   A3           INC       DPTR
   \   000001   E0           MOVX      A,@DPTR
   \   000002   F583         MOV       DPH,A
   \   000004   8882         MOV       DPL,R0
   \   000006   22           RET

   \                                 In  segment BANKED_CODE, align 1, keep-with-next
   \                     ?Subroutine1:
   \   000000   12....       LCALL     ?Subroutine5 & 0xFFFF
   \                     ??CrossCallReturnLabel_13:
   \   000003   E0           MOVX      A,@DPTR
   \   000004   A2E1         MOV       C,0xE0 /* A   */.1
   \   000006   22           RET
    365          
    366          /***************************************************************************************************
    367           * @fn      HalLedOnOff
    368           *
    369           * @brief   Turns specified LED ON or OFF
    370           *
    371           * @param   leds - LED bit mask
    372           *          mode - LED_ON,LED_OFF,
    373           *
    374           * @return  none
    375           ***************************************************************************************************/

   \                                 In  segment BANKED_CODE, align 1, keep-with-next
    376          void HalLedOnOff (uint8 leds, uint8 mode)
   \                     HalLedOnOff:
    377          {
   \   000000   C082         PUSH      DPL
   \   000002   C083         PUSH      DPH
   \   000004                ; Saved register size: 2
   \   000004                ; Auto size: 0
    378            if (leds & HAL_LED_1)
   \   000004   E9           MOV       A,R1
   \   000005   A2E0         MOV       C,0xE0 /* A   */.0
   \   000007   500B         JNC       ??HalLedOnOff_0
    379            {
    380              if (mode == HAL_LED_MODE_ON)
   \   000009   7401         MOV       A,#0x1
   \   00000B   6A           XRL       A,R2
   \   00000C   7004         JNZ       ??HalLedOnOff_1
    381              {
    382                HAL_TURN_ON_LED1();
   \   00000E   D281         SETB      0x80.1
   \   000010   8002         SJMP      ??HalLedOnOff_0
    383              }
    384              else
    385              {
    386                HAL_TURN_OFF_LED1();
   \                     ??HalLedOnOff_1:
   \   000012   C281         CLR       0x80.1
    387              }
    388            }
    389          
    390            if (leds & HAL_LED_2)
   \                     ??HalLedOnOff_0:
   \   000014   E9           MOV       A,R1
   \   000015   A2E1         MOV       C,0xE0 /* A   */.1
   \   000017   500B         JNC       ??HalLedOnOff_2
    391            {
    392              if (mode == HAL_LED_MODE_ON)
   \   000019   7401         MOV       A,#0x1
   \   00001B   6A           XRL       A,R2
   \   00001C   7004         JNZ       ??HalLedOnOff_3
    393              {
    394                HAL_TURN_ON_LED2();
   \   00001E   D283         SETB      0x80.3
   \   000020   8002         SJMP      ??HalLedOnOff_2
    395              }
    396              else
    397              {
    398                HAL_TURN_OFF_LED2();
   \                     ??HalLedOnOff_3:
   \   000022   C283         CLR       0x80.3
    399              }
    400            }
    401          
    402            if (leds & HAL_LED_3)
   \                     ??HalLedOnOff_2:
   \   000024   E9           MOV       A,R1
   \   000025   A2E2         MOV       C,0xE0 /* A   */.2
   \   000027   500B         JNC       ??HalLedOnOff_4
    403            {
    404              if (mode == HAL_LED_MODE_ON)
   \   000029   7401         MOV       A,#0x1
   \   00002B   6A           XRL       A,R2
   \   00002C   7004         JNZ       ??HalLedOnOff_5
    405              {
    406                HAL_TURN_ON_LED3();
   \   00002E   D285         SETB      0x80.5
   \   000030   8002         SJMP      ??HalLedOnOff_4
    407              }
    408              else
    409              {
    410                HAL_TURN_OFF_LED3();
   \                     ??HalLedOnOff_5:
   \   000032   C285         CLR       0x80.5
    411              }
    412            }
    413          
    414            if (leds & HAL_LED_4)
   \                     ??HalLedOnOff_4:
   \   000034   E9           MOV       A,R1
   \   000035   A2E3         MOV       C,0xE0 /* A   */.3
   \   000037   500B         JNC       ??HalLedOnOff_6
    415            {
    416              if (mode == HAL_LED_MODE_ON)
   \   000039   7401         MOV       A,#0x1
   \   00003B   6A           XRL       A,R2
   \   00003C   7004         JNZ       ??HalLedOnOff_7
    417              {
    418                HAL_TURN_ON_LED4();
   \   00003E   D287         SETB      0x80.7
   \   000040   8002         SJMP      ??HalLedOnOff_6
    419              }
    420              else
    421              {
    422                HAL_TURN_OFF_LED4();
   \                     ??HalLedOnOff_7:
   \   000042   C287         CLR       0x80.7
    423              }
    424            }
    425          
    426            if (leds & HAL_LED_5)
   \                     ??HalLedOnOff_6:
   \   000044   E9           MOV       A,R1
   \   000045   A2E4         MOV       C,0xE0 /* A   */.4
   \   000047   500B         JNC       ??HalLedOnOff_8
    427            {
    428              if (mode == HAL_LED_MODE_ON)
   \   000049   7401         MOV       A,#0x1
   \   00004B   6A           XRL       A,R2
   \   00004C   7004         JNZ       ??HalLedOnOff_9
    429              {
    430                HAL_TURN_ON_LED5();
   \   00004E   D291         SETB      0x90.1
   \   000050   8002         SJMP      ??HalLedOnOff_8
    431              }
    432              else
    433              {
    434                HAL_TURN_OFF_LED5();
   \                     ??HalLedOnOff_9:
   \   000052   C291         CLR       0x90.1
    435              }
    436            }
    437          
    438            if (leds & HAL_LED_6)
   \                     ??HalLedOnOff_8:
   \   000054   E9           MOV       A,R1
   \   000055   A2E5         MOV       C,0xE0 /* A   */.5
   \   000057   500B         JNC       ??HalLedOnOff_10
    439            {
    440              if (mode == HAL_LED_MODE_ON)
   \   000059   7401         MOV       A,#0x1
   \   00005B   6A           XRL       A,R2
   \   00005C   7004         JNZ       ??HalLedOnOff_11
    441              {
    442                HAL_TURN_ON_LED6();
   \   00005E   D292         SETB      0x90.2
   \   000060   8005         SJMP      ??HalLedOnOff_12
    443              }
    444              else
    445              {
    446                HAL_TURN_OFF_LED6();
   \                     ??HalLedOnOff_11:
   \   000062   C292         CLR       0x90.2
    447              }
    448            }  
    449            
    450            /* Remember current state */
    451            if (mode)
   \                     ??HalLedOnOff_10:
   \   000064   EA           MOV       A,R2
   \   000065   6007         JZ        ??HalLedOnOff_13
    452            {
    453              HalLedState |= leds;
   \                     ??HalLedOnOff_12:
   \   000067   90....       MOV       DPTR,#HalLedState
   \   00006A   E0           MOVX      A,@DPTR
   \   00006B   49           ORL       A,R1
   \   00006C   8009         SJMP      ??HalLedOnOff_14
    454            }
    455            else
    456            {
    457              HalLedState &= (leds ^ 0xFF);
   \                     ??HalLedOnOff_13:
   \   00006E   74FF         MOV       A,#-0x1
   \   000070   69           XRL       A,R1
   \   000071   F8           MOV       R0,A
   \   000072   90....       MOV       DPTR,#HalLedState
   \   000075   E0           MOVX      A,@DPTR
   \   000076   58           ANL       A,R0
    458            }
   \                     ??HalLedOnOff_14:
   \   000077   80..         SJMP      ??Subroutine8_0
   \   000079                REQUIRE _A_P0
   \   000079                REQUIRE _A_P1
    459          }
    460          #endif /* HAL_LED */
    461          
    462          /***************************************************************************************************
    463           * @fn      HalGetLedState
    464           *
    465           * @brief   Dim LED2 - Dim (set level) of LED2
    466           *
    467           * @param   none
    468           *
    469           * @return  led state
    470           ***************************************************************************************************/

   \                                 In  segment BANKED_CODE, align 1, keep-with-next
    471          uint8 HalLedGetState ()
   \                     HalLedGetState:
    472          {
   \   000000   C082         PUSH      DPL
   \   000002   C083         PUSH      DPH
   \   000004                ; Saved register size: 2
   \   000004                ; Auto size: 0
    473          #if (HAL_LED == TRUE)
    474            return HalLedState;
   \   000004   90....       MOV       DPTR,#HalLedState
   \   000007   E0           MOVX      A,@DPTR
   \   000008   F9           MOV       R1,A
   \   000009   80..         SJMP      ??Subroutine9_0
    475          #else
    476            return 0;
    477          #endif
    478          }
    479          
    480          /***************************************************************************************************
    481           * @fn      HalLedEnterSleep
    482           *
    483           * @brief   Store current LEDs state before sleep
    484           *
    485           * @param   none
    486           *
    487           * @return  none
    488           ***************************************************************************************************/

   \                                 In  segment BANKED_CODE, align 1, keep-with-next
    489          void HalLedEnterSleep( void )
   \                     HalLedEnterSleep:
    490          {
   \   000000   C082         PUSH      DPL
   \   000002   C083         PUSH      DPH
   \   000004                ; Saved register size: 2
   \   000004                ; Auto size: 0
    491          #ifdef BLINK_LEDS
    492            /* Sleep ON */
    493            HalLedStatusControl.sleepActive = TRUE;
   \   000004   90....       MOV       DPTR,#HalLedStatusControl + 36
   \   000007   7401         MOV       A,#0x1
   \   000009   F0           MOVX      @DPTR,A
    494          #endif /* BLINK_LEDS */
    495          
    496          #if (HAL_LED == TRUE)
    497            /* Save the state of each led */
    498            HalSleepLedState = 0;
    499            HalSleepLedState |= HAL_STATE_LED1();
   \   00000A   AB80         MOV       R3,0x80+0x0
    500            HalSleepLedState |= HAL_STATE_LED2() << 1;
   \   00000C   AA80         MOV       R2,0x80+0x0
    501            HalSleepLedState |= HAL_STATE_LED3() << 2;
   \   00000E   A980         MOV       R1,0x80+0x0
    502            HalSleepLedState |= HAL_STATE_LED4() << 3;
   \   000010   A880         MOV       R0,0x80+0x0
   \   000012   EB           MOV       A,R3
   \   000013   A2E1         MOV       C,0xE0 /* A   */.1
   \   000015   5004         JNC       ??HalLedEnterSleep_0
   \   000017   D2F0         SETB      B.0
   \   000019   8002         SJMP      ??HalLedEnterSleep_1
   \                     ??HalLedEnterSleep_0:
   \   00001B   C2F0         CLR       B.0
   \                     ??HalLedEnterSleep_1:
   \   00001D   EA           MOV       A,R2
   \   00001E   A2E3         MOV       C,0xE0 /* A   */.3
   \   000020   5004         JNC       ??HalLedEnterSleep_2
   \   000022   D2F1         SETB      B.1
   \   000024   8002         SJMP      ??HalLedEnterSleep_3
   \                     ??HalLedEnterSleep_2:
   \   000026   C2F1         CLR       B.1
   \                     ??HalLedEnterSleep_3:
   \   000028   E9           MOV       A,R1
   \   000029   A2E5         MOV       C,0xE0 /* A   */.5
   \   00002B   5004         JNC       ??HalLedEnterSleep_4
   \   00002D   D2F2         SETB      B.2
   \   00002F   8002         SJMP      ??HalLedEnterSleep_5
   \                     ??HalLedEnterSleep_4:
   \   000031   C2F2         CLR       B.2
   \                     ??HalLedEnterSleep_5:
   \   000033   E8           MOV       A,R0
   \   000034   A2E1         MOV       C,0xE0 /* A   */.1
   \   000036   5004         JNC       ??HalLedEnterSleep_6
   \   000038   D2F3         SETB      B.3
   \   00003A   8002         SJMP      ??HalLedEnterSleep_7
   \                     ??HalLedEnterSleep_6:
   \   00003C   C2F3         CLR       B.3
   \                     ??HalLedEnterSleep_7:
   \   00003E   A2F3         MOV       C,B.3
   \   000040   E4           CLR       A
   \   000041   33           RLC       A
   \   000042   33           RLC       A
   \   000043   33           RLC       A
   \   000044   33           RLC       A
   \   000045   FA           MOV       R2,A
   \   000046   A2F2         MOV       C,B.2
   \   000048   E4           CLR       A
   \   000049   33           RLC       A
   \   00004A   33           RLC       A
   \   00004B   33           RLC       A
   \   00004C   F9           MOV       R1,A
   \   00004D   A2F1         MOV       C,B.1
   \   00004F   E4           CLR       A
   \   000050   33           RLC       A
   \   000051   33           RLC       A
   \   000052   F8           MOV       R0,A
   \   000053   A2F0         MOV       C,B.0
   \   000055   E4           CLR       A
   \   000056   33           RLC       A
   \   000057   48           ORL       A,R0
   \   000058   49           ORL       A,R1
   \   000059   4A           ORL       A,R2
   \   00005A   90....       MOV       DPTR,#HalSleepLedState
   \   00005D   F0           MOVX      @DPTR,A
    503          
    504            /* TURN OFF all LEDs to save power */
    505            HalLedOnOff (HAL_LED_ALL, HAL_LED_MODE_OFF);
   \   00005E                ; Setup parameters for call to function HalLedOnOff
   \   00005E   7A00         MOV       R2,#0x0
   \   000060   793F         MOV       R1,#0x3f
   \   000062   12....       LCALL     `??HalLedOnOff::?relay`; Banked call to: HalLedOnOff
    506          #endif /* HAL_LED */
    507          
    508          }
   \   000065   80..         SJMP      ??Subroutine9_0
   \   000067                REQUIRE _A_P0
    509          
    510          /***************************************************************************************************
    511           * @fn      HalLedExitSleep
    512           *
    513           * @brief   Restore current LEDs state after sleep
    514           *
    515           * @param   none
    516           *
    517           * @return  none
    518           ***************************************************************************************************/

   \                                 In  segment BANKED_CODE, align 1, keep-with-next
    519          void HalLedExitSleep( void )
   \                     HalLedExitSleep:
    520          {
   \   000000   C082         PUSH      DPL
   \   000002   C083         PUSH      DPH
   \   000004                ; Saved register size: 2
   \   000004                ; Auto size: 0
    521          #if (HAL_LED == TRUE)
    522            /* Load back the saved state */
    523            HalLedOnOff(HalSleepLedState, HAL_LED_MODE_ON);
   \   000004                ; Setup parameters for call to function HalLedOnOff
   \   000004   7A01         MOV       R2,#0x1
   \   000006   90....       MOV       DPTR,#HalSleepLedState
   \   000009   12....       LCALL     ??Subroutine6_0 & 0xFFFF
    524          
    525            /* Restart - This takes care BLINKING LEDS */
    526            HalLedUpdate();
   \                     ??CrossCallReturnLabel_10:
   \   00000C                ; Setup parameters for call to function HalLedUpdate
   \   00000C   12....       LCALL     `??HalLedUpdate::?relay`; Banked call to: HalLedUpdate
    527          #endif /* HAL_LED */
    528          
    529          #ifdef BLINK_LEDS
    530            /* Sleep OFF */
    531            HalLedStatusControl.sleepActive = FALSE;
   \   00000F   02....       LJMP      ?Subroutine0 & 0xFFFF
    532          #endif /* BLINK_LEDS */
    533          }

   \                                 In  segment XDATA_ROM_C, align 1
   \                     __Constant_64:
   \   000000   64000000     DD 100

   \                                 In  segment BANK_RELAYS, align 1
   \                     `??HalLedInit::?relay`:
   \   000000   12....       LCALL   ?BDISPATCH
   \   000003   ......       DC24    HalLedInit

   \                                 In  segment BANK_RELAYS, align 1
   \                     `??HalLedSet::?relay`:
   \   000000   12....       LCALL   ?BDISPATCH
   \   000003   ......       DC24    HalLedSet

   \                                 In  segment BANK_RELAYS, align 1
   \                     `??HalLedBlink::?relay`:
   \   000000   12....       LCALL   ?BDISPATCH
   \   000003   ......       DC24    HalLedBlink

   \                                 In  segment BANK_RELAYS, align 1
   \                     `??HalLedUpdate::?relay`:
   \   000000   12....       LCALL   ?BDISPATCH
   \   000003   ......       DC24    HalLedUpdate

   \                                 In  segment BANK_RELAYS, align 1
   \                     `??HalLedOnOff::?relay`:
   \   000000   12....       LCALL   ?BDISPATCH
   \   000003   ......       DC24    HalLedOnOff

   \                                 In  segment BANK_RELAYS, align 1
   \                     `??HalLedGetState::?relay`:
   \   000000   12....       LCALL   ?BDISPATCH
   \   000003   ......       DC24    HalLedGetState

   \                                 In  segment BANK_RELAYS, align 1
   \                     `??HalLedEnterSleep::?relay`:
   \   000000   12....       LCALL   ?BDISPATCH
   \   000003   ......       DC24    HalLedEnterSleep

   \                                 In  segment BANK_RELAYS, align 1
   \                     `??HalLedExitSleep::?relay`:
   \   000000   12....       LCALL   ?BDISPATCH
   \   000003   ......       DC24    HalLedExitSleep
    534          
    535          /***************************************************************************************************
    536          ***************************************************************************************************/
    537          
    538          
    539          
    540          

   Maximum stack usage in bytes:

   ISTACK XSTACK Function
   ------ ------ --------
      1     25   HalLedBlink
        0     14   -> HalLedSet
        0     14   -> osal_GetSystemClock
        0     14   -> osal_set_event
      2      0   HalLedEnterSleep
        2      0   -> HalLedOnOff
      2      0   HalLedExitSleep
        2      0   -> HalLedOnOff
        2      0   -> HalLedUpdate
      2      0   HalLedGetState
      2      0   HalLedInit
        2      0   -> HalLedSet
      2     29   HalLedOnOff
      1     40   HalLedSet
        0     11   -> HalLedBlink
        0     11   -> HalLedOnOff
      1     29   HalLedUpdate
        0     29   -> HalLedOnOff
        0     29   -> HalLedSet
        0     29   -> osal_GetSystemClock
        0     29   -> osal_start_timerEx


   Segment part sizes:

   Bytes  Function/Label
   -----  --------------
       6  ??Subroutine6_0
       7  ??Subroutine7_0
       1  ??Subroutine8_0
       7  ??Subroutine9_0
       4  ?Subroutine0
       7  ?Subroutine1
       5  ?Subroutine2
       6  ?Subroutine3
       6  ?Subroutine4
       2  ?Subroutine5
     194  HalLedBlink
       6  HalLedBlink::?relay
     103  HalLedEnterSleep
       6  HalLedEnterSleep::?relay
      18  HalLedExitSleep
       6  HalLedExitSleep::?relay
      11  HalLedGetState
       6  HalLedGetState::?relay
      14  HalLedInit
       6  HalLedInit::?relay
     121  HalLedOnOff
       6  HalLedOnOff::?relay
     121  HalLedSet
       6  HalLedSet::?relay
       1  HalLedState
      37  HalLedStatusControl
     601  HalLedUpdate
       6  HalLedUpdate::?relay
       1  HalSleepLedState
       1  _A_P0
       1  _A_P1
       4  __Constant_64
       1  preBlinkState

 
 1 234 bytes in segment BANKED_CODE
    48 bytes in segment BANK_RELAYS
     2 bytes in segment SFR_AN
     4 bytes in segment XDATA_ROM_C
    40 bytes in segment XDATA_Z
 
    48 bytes of CODE     memory
     0 bytes of CONST    memory (+ 4 bytes shared)
     0 bytes of DATA     memory (+ 2 bytes shared)
 1 234 bytes of HUGECODE memory
    40 bytes of XDATA    memory

Errors: none
Warnings: none
