###############################################################################
#
# IAR C/C++ Compiler V10.20.1.5333 for 8051               18/Jun/2021  17:52:27
# Copyright 2004-2018 IAR Systems AB.
# PC-locked license - IAR Embedded Workbench for 8051
#
#    Core               =  plain
#    Code model         =  banked
#    Data model         =  large
#    Calling convention =  xdata reentrant
#    Constant location  =  data_rom
#    Dptr setup         =  1,16
#                          
#    Source file        =  D:\SRC\DemoPrj\Components\mt\MT_TASK.c
#    Command line       =  
#        -f C:\Users\ADMINI~1\AppData\Local\Temp\EWD70B.tmp
#        (D:\SRC\DemoPrj\Components\mt\MT_TASK.c -D ZIGBEEPRO -D HAL_UART=TRUE
#        -D SERIAL_APP_PORT=0 -D LCD_SUPPORTED -lC
#        D:\SRC\DemoPrj\Projects\zstack\Utilities\SerialApp\CC2530DB\CoordinatorEB-Pro\List
#        -lA
#        D:\SRC\DemoPrj\Projects\zstack\Utilities\SerialApp\CC2530DB\CoordinatorEB-Pro\List
#        --diag_suppress Pe001,Pa010 -o
#        D:\SRC\DemoPrj\Projects\zstack\Utilities\SerialApp\CC2530DB\CoordinatorEB-Pro\Obj
#        -e --debug --core=plain --dptr=16,1 --data_model=large
#        --code_model=banked --calling_convention=xdata_reentrant
#        --place_constants=data_rom --nr_virtual_regs 8 -f
#        D:\SRC\DemoPrj\Projects\zstack\Utilities\SerialApp\CC2530DB\..\..\..\Tools\CC2530DB\f8wCoord.cfg
#        (-DCPU32MHZ -DROOT=__near_func -DMAC_CFG_APP_PENDING_QUEUE=TRUE
#        -DZDO_COORDINATOR -DRTR_NWK -DBLINK_LEDS) -f
#        D:\SRC\DemoPrj\Projects\zstack\Utilities\SerialApp\CC2530DB\..\..\..\Tools\CC2530DB\f8wConfig.cfg
#        (-DSECURE=0 -DZG_SECURE_DYNAMIC=0 -DREFLECTOR
#        -DDEFAULT_CHANLIST=0x00000800 -DZDAPP_CONFIG_PAN_ID=0x1223
#        -DNWK_START_DELAY=100 -DEXTENDED_JOINING_RANDOM_MASK=0x007F
#        -DBEACON_REQUEST_DELAY=100 -DBEACON_REQ_DELAY_MASK=0x00FF
#        -DROUTE_EXPIRY_TIME=30 -DAPSC_ACK_WAIT_DURATION_POLLED=3000
#        -DNWK_INDIRECT_MSG_TIMEOUT=7 -DMAX_RREQ_ENTRIES=8
#        -DAPSC_MAX_FRAME_RETRIES=3 -DNWK_MAX_DATA_RETRIES=2
#        -DMAX_POLL_FAILURE_RETRIES=2 -DMAX_BCAST=9 -DAPS_MAX_GROUPS=16
#        -DMAX_RTG_ENTRIES=40 -DNWK_MAX_BINDING_ENTRIES=4
#        -DMAX_BINDING_CLUSTER_IDS=4 "-DDEFAULT_KEY={0x01, 0x03, 0x05, 0x07,
#        0x09, 0x0B, 0x0D, 0x0F, 0x00, 0x02, 0x04, 0x06, 0x08, 0x0A, 0x0C,
#        0x0D}" -DMAC_MAX_FRAME_SIZE=116 "-DCONST=const __code"
#        -DGENERIC=__generic -DRFD_RCVC_ALWAYS_ON=FALSE -DPOLL_RATE=1000
#        -DQUEUED_POLL_RATE=100 -DRESPONSE_POLL_RATE=100
#        -DREJOIN_POLL_RATE=440) -I
#        D:\SRC\DemoPrj\Projects\zstack\Utilities\SerialApp\CC2530DB\ -I
#        D:\SRC\DemoPrj\Projects\zstack\Utilities\SerialApp\CC2530DB\..\SOURCE\
#        -I
#        D:\SRC\DemoPrj\Projects\zstack\Utilities\SerialApp\CC2530DB\..\..\..\ZMAIN\TI2530DB\
#        -I
#        D:\SRC\DemoPrj\Projects\zstack\Utilities\SerialApp\CC2530DB\..\..\..\..\..\COMPONENTS\MT\
#        -I
#        D:\SRC\DemoPrj\Projects\zstack\Utilities\SerialApp\CC2530DB\..\..\..\..\..\COMPONENTS\HAL\INCLUDE\
#        -I
#        D:\SRC\DemoPrj\Projects\zstack\Utilities\SerialApp\CC2530DB\..\..\..\..\..\COMPONENTS\HAL\TARGET\CC2530EB\
#        -I
#        D:\SRC\DemoPrj\Projects\zstack\Utilities\SerialApp\CC2530DB\..\..\..\..\..\COMPONENTS\OSAL\MCU\CCSOC\
#        -I
#        D:\SRC\DemoPrj\Projects\zstack\Utilities\SerialApp\CC2530DB\..\..\..\..\..\COMPONENTS\OSAL\INCLUDE\
#        -I
#        D:\SRC\DemoPrj\Projects\zstack\Utilities\SerialApp\CC2530DB\..\..\..\..\..\COMPONENTS\STACK\AF\
#        -I
#        D:\SRC\DemoPrj\Projects\zstack\Utilities\SerialApp\CC2530DB\..\..\..\..\..\COMPONENTS\STACK\NWK\
#        -I
#        D:\SRC\DemoPrj\Projects\zstack\Utilities\SerialApp\CC2530DB\..\..\..\..\..\COMPONENTS\STACK\SEC\
#        -I
#        D:\SRC\DemoPrj\Projects\zstack\Utilities\SerialApp\CC2530DB\..\..\..\..\..\COMPONENTS\STACK\SAPI\
#        -I
#        D:\SRC\DemoPrj\Projects\zstack\Utilities\SerialApp\CC2530DB\..\..\..\..\..\COMPONENTS\STACK\SYS\
#        -I
#        D:\SRC\DemoPrj\Projects\zstack\Utilities\SerialApp\CC2530DB\..\..\..\..\..\COMPONENTS\STACK\ZDO\
#        -I
#        D:\SRC\DemoPrj\Projects\zstack\Utilities\SerialApp\CC2530DB\..\..\..\..\..\COMPONENTS\ZMAC\F8W\
#        -I
#        D:\SRC\DemoPrj\Projects\zstack\Utilities\SerialApp\CC2530DB\..\..\..\..\..\COMPONENTS\ZMAC\
#        -I
#        D:\SRC\DemoPrj\Projects\zstack\Utilities\SerialApp\CC2530DB\..\..\..\..\..\COMPONENTS\SERVICES\SADDR\
#        -I
#        D:\SRC\DemoPrj\Projects\zstack\Utilities\SerialApp\CC2530DB\..\..\..\..\..\COMPONENTS\SERVICES\SDATA\
#        -I
#        D:\SRC\DemoPrj\Projects\zstack\Utilities\SerialApp\CC2530DB\..\..\..\..\..\COMPONENTS\MAC\INCLUDE\
#        -I
#        D:\SRC\DemoPrj\Projects\zstack\Utilities\SerialApp\CC2530DB\..\..\..\..\..\COMPONENTS\MAC\HIGH_LEVEL\
#        -I
#        D:\SRC\DemoPrj\Projects\zstack\Utilities\SerialApp\CC2530DB\..\..\..\..\..\COMPONENTS\MAC\LOW_LEVEL\srf04\
#        -I
#        D:\SRC\DemoPrj\Projects\zstack\Utilities\SerialApp\CC2530DB\..\..\..\..\..\COMPONENTS\MAC\LOW_LEVEL\srf04\SINGLE_CHIP\
#        -Ohz --require_prototypes)
#    Locale             =  Chinese (Simplified)_CHN.936
#    List file          =  
#        D:\SRC\DemoPrj\Projects\zstack\Utilities\SerialApp\CC2530DB\CoordinatorEB-Pro\List\MT_TASK.lst
#    Object file        =  
#        D:\SRC\DemoPrj\Projects\zstack\Utilities\SerialApp\CC2530DB\CoordinatorEB-Pro\Obj\MT_TASK.r51
#
###############################################################################

D:\SRC\DemoPrj\Components\mt\MT_TASK.c
      1          /***************************************************************************************************
      2            Filename:       MT_TASK.c
      3            Revised:        $Date: 2009-03-12 16:25:22 -0700 (Thu, 12 Mar 2009) $
      4            Revision:       $Revision: 19404 $
      5          
      6            Description:    MonitorTest Task handling routines
      7          
      8            Copyright 2007 Texas Instruments Incorporated. All rights reserved.
      9          
     10            IMPORTANT: Your use of this Software is limited to those specific rights
     11            granted under the terms of a software license agreement between the user
     12            who downloaded the software, his/her employer (which must be your employer)
     13            and Texas Instruments Incorporated (the "License").  You may not use this
     14            Software unless you agree to abide by the terms of the License. The License
     15            limits your use, and you acknowledge, that the Software may not be modified,
     16            copied or distributed unless embedded on a Texas Instruments microcontroller
     17            or used solely and exclusively in conjunction with a Texas Instruments radio
     18            frequency transceiver, which is integrated into your product.  Other than for
     19            the foregoing purpose, you may not use, reproduce, copy, prepare derivative
     20            works of, modify, distribute, perform, display or sell this Software and/or
     21            its documentation for any purpose.
     22          
     23            YOU FURTHER ACKNOWLEDGE AND AGREE THAT THE SOFTWARE AND DOCUMENTATION ARE
     24            PROVIDED “AS IS” WITHOUT WARRANTY OF ANY KIND, EITHER EXPRESS OR IMPLIED,
     25            INCLUDING WITHOUT LIMITATION, ANY WARRANTY OF MERCHANTABILITY, TITLE,
     26            NON-INFRINGEMENT AND FITNESS FOR A PARTICULAR PURPOSE. IN NO EVENT SHALL
     27            TEXAS INSTRUMENTS OR ITS LICENSORS BE LIABLE OR OBLIGATED UNDER CONTRACT,
     28            NEGLIGENCE, STRICT LIABILITY, CONTRIBUTION, BREACH OF WARRANTY, OR OTHER
     29            LEGAL EQUITABLE THEORY ANY DIRECT OR INDIRECT DAMAGES OR EXPENSES
     30            INCLUDING BUT NOT LIMITED TO ANY INCIDENTAL, SPECIAL, INDIRECT, PUNITIVE
     31            OR CONSEQUENTIAL DAMAGES, LOST PROFITS OR LOST DATA, COST OF PROCUREMENT
     32            OF SUBSTITUTE GOODS, TECHNOLOGY, SERVICES, OR ANY CLAIMS BY THIRD PARTIES
     33            (INCLUDING BUT NOT LIMITED TO ANY DEFENSE THEREOF), OR OTHER SIMILAR COSTS.
     34          
     35            Should you have any questions regarding your right to use this Software,
     36            contact Texas Instruments Incorporated at www.TI.com.
     37          
     38           ***************************************************************************************************/
     39          
     40          /***************************************************************************************************
     41           * INCLUDES
     42           ***************************************************************************************************/
     43          #include "ZComDef.h"
     44          #include "MT_TASK.h"
     45          #include "MT.h"
     46          #include "MT_DEBUG.h"
     47          #include "MT_UART.h"
     48          #include "MT_SYS.h"
     49          
     50          #include "hal_uart.h"
     51          
     52          #include "OSAL_Memory.h"
     53          
     54          /***************************************************************************************************
     55           * LOCAL FUNCTIONS
     56           ***************************************************************************************************/
     57          void MT_ProcessIncomingCommand( mtOSALSerialData_t *msg );
     58          
     59          /***************************************************************************************************
     60           * GLOBALS
     61           ***************************************************************************************************/
     62          
     63          /***************************************************************************************************
     64           * @fn      MT_TaskInit
     65           *
     66           * @brief  MonitorTest Task Initialization.  This function is put into the
     67           *         task table.
     68           *
     69           * @param   byte task_id - task ID of the MT Task
     70           *
     71           * @return  void
     72           ***************************************************************************************************/

   \                                 In  segment BANKED_CODE, align 1, keep-with-next
     73          void MT_TaskInit(uint8 task_id)
   \                     MT_TaskInit:
     74          {
   \   000000   74F7         MOV       A,#-0x9
   \   000002   12....       LCALL     ?BANKED_ENTER_XDATA
   \   000005                ; Saved register size: 9
   \   000005                ; Auto size: 0
   \   000005   E9           MOV       A,R1
   \   000006   FE           MOV       R6,A
     75            /* Initialize MT */
     76            MT_Init(task_id);
   \   000007                ; Setup parameters for call to function MT_Init
   \   000007   12....       LCALL     `??MT_Init::?relay`; Banked call to: MT_Init
     77          
     78            /* Initialize the Serial port */
     79            MT_UartInit();
   \   00000A                ; Setup parameters for call to function MT_UartInit
   \   00000A   12....       LCALL     `??MT_UartInit::?relay`; Banked call to: MT_UartInit
     80          
     81            /* Register taskID - Do this after UartInit() because it will reset the taskID */
     82            MT_UartRegisterTaskID (task_id);
   \   00000D                ; Setup parameters for call to function MT_UartRegisterTaskID
   \   00000D   EE           MOV       A,R6
   \   00000E   F9           MOV       R1,A
   \   00000F   12....       LCALL     `??MT_UartRegisterTaskID::?relay`; Banked call to: MT_UartRegisterTaskID
     83          
     84          } /* MT_TaskInit() */
   \   000012   7F01         MOV       R7,#0x1
   \   000014   02....       LJMP      ?BANKED_LEAVE_XDATA
     85          
     86          /***************************************************************************************************
     87           * @fn      MT_ProcessEvent
     88           *
     89           * @brief MonitorTest Task Event Processor.  This task is put into the task table.
     90           *
     91           * @param   byte task_id - task ID of the MT Task
     92           * @param   UINT16 events - event(s) for the MT Task
     93           *
     94           * @return  void
     95           ***************************************************************************************************/

   \                                 In  segment BANKED_CODE, align 1, keep-with-next
     96          UINT16 MT_ProcessEvent(uint8 task_id, uint16 events)
   \                     MT_ProcessEvent:
     97          {
   \   000000                REQUIRE ?V0
   \   000000                REQUIRE ?V1
   \   000000   74F6         MOV       A,#-0xa
   \   000002   12....       LCALL     ?BANKED_ENTER_XDATA
   \   000005                ; Saved register size: 10
   \   000005                ; Auto size: 0
   \   000005   EA           MOV       A,R2
   \   000006   FE           MOV       R6,A
   \   000007   EB           MOV       A,R3
   \   000008   FF           MOV       R7,A
     98            uint8 *msg_ptr;
     99            
    100            (void)task_id;  // Intentionally unreferenced parameter
    101          
    102            /* Could be multiple events, so switch won't work */
    103            if ( events & SYS_EVENT_MSG )
   \   000009   5480         ANL       A,#0x80
   \   00000B   700E         JNZ       ??MT_ProcessEvent_0
    104            {
    105              while ( (msg_ptr = osal_msg_receive( MT_TaskID )) )
    106              {
    107                MT_ProcessIncomingCommand((mtOSALSerialData_t *)msg_ptr);
    108              }
    109          
    110              /* Return unproccessed events */
    111              return (events ^ SYS_EVENT_MSG);
    112            }
    113          
    114            if ( events & MT_ZTOOL_SERIAL_RCV_BUFFER_FULL )
   \   00000D   EA           MOV       A,R2
   \   00000E   5404         ANL       A,#0x4
   \   000010   601D         JZ        ??MT_ProcessEvent_1
    115            {
    116              /* Return unproccessed events */
    117              return (events ^ MT_ZTOOL_SERIAL_RCV_BUFFER_FULL);
   \   000012   EA           MOV       A,R2
   \   000013   6404         XRL       A,#0x4
   \   000015   FA           MOV       R2,A
   \   000016   801B         SJMP      ??MT_ProcessEvent_2
    118            }
   \                     ??MT_ProcessEvent_3:
   \   000018                ; Setup parameters for call to function MT_ProcessIncomingCommand
   \   000018   12....       LCALL     `??MT_ProcessIncomingCommand::?relay`; Banked call to: MT_ProcessIncomingCommand
   \                     ??MT_ProcessEvent_0:
   \   00001B                ; Setup parameters for call to function osal_msg_receive
   \   00001B   90....       MOV       DPTR,#MT_TaskID
   \   00001E   E0           MOVX      A,@DPTR
   \   00001F   F9           MOV       R1,A
   \   000020   12....       LCALL     `??osal_msg_receive::?relay`; Banked call to: osal_msg_receive
   \   000023   EA           MOV       A,R2
   \   000024   4B           ORL       A,R3
   \   000025   70F1         JNZ       ??MT_ProcessEvent_3
   \   000027   EE           MOV       A,R6
   \   000028   FA           MOV       R2,A
   \   000029   EF           MOV       A,R7
   \   00002A   6480         XRL       A,#0x80
   \   00002C   FB           MOV       R3,A
   \   00002D   8004         SJMP      ??MT_ProcessEvent_2
    119          
    120            /* Handle MT_SYS_OSAL_START_TIMER callbacks */
    121          #if defined MT_SYS_FUNC
    122            if ( events & (MT_SYS_OSAL_EVENT_MASK))
    123            {
    124              if (events & MT_SYS_OSAL_EVENT_0)
    125              {
    126                MT_SysOsalTimerExpired(0x00);
    127                events ^= MT_SYS_OSAL_EVENT_0;
    128              }
    129          
    130              if (events & MT_SYS_OSAL_EVENT_1)
    131              {
    132                MT_SysOsalTimerExpired(0x01);
    133                events ^= MT_SYS_OSAL_EVENT_1;
    134              }
    135          
    136              if (events & MT_SYS_OSAL_EVENT_2)
    137              {
    138                MT_SysOsalTimerExpired(0x02);
    139                events ^= MT_SYS_OSAL_EVENT_2;
    140              }
    141          
    142              if (events & MT_SYS_OSAL_EVENT_3)
    143              {
    144                MT_SysOsalTimerExpired(0x03);
    145                events ^= MT_SYS_OSAL_EVENT_3;
    146              }
    147          
    148              return events;
    149            }
    150          #endif
    151          
    152            /* Discard or make more handlers */
    153            return 0;
   \                     ??MT_ProcessEvent_1:
   \   00002F   7A00         MOV       R2,#0x0
   \   000031   7B00         MOV       R3,#0x0
   \                     ??MT_ProcessEvent_2:
   \   000033   7F02         MOV       R7,#0x2
   \   000035   02....       LJMP      ?BANKED_LEAVE_XDATA
    154          
    155          } /* MT_ProcessEvent() */
    156          
    157          /***************************************************************************************************
    158           * @fn      MT_ProcessIncomingCommand
    159           *
    160           * @brief
    161           *
    162           *   Process Event Messages.
    163           *
    164           * @param   byte *msg - pointer to event message
    165           *
    166           * @return
    167           ***************************************************************************************************/

   \                                 In  segment BANKED_CODE, align 1, keep-with-next
    168          void MT_ProcessIncomingCommand( mtOSALSerialData_t *msg )
   \                     MT_ProcessIncomingCommand:
    169          {
   \   000000                REQUIRE ?V0
   \   000000                REQUIRE ?V1
   \   000000                REQUIRE ?V2
   \   000000   74F5         MOV       A,#-0xb
   \   000002   12....       LCALL     ?BANKED_ENTER_XDATA
   \   000005                ; Saved register size: 11
   \   000005                ; Auto size: 0
   \   000005   8A..         MOV       ?V0,R2
   \   000007   8B..         MOV       ?V1,R3
    170            byte deallocate;
    171            byte *msg_ptr;
    172            byte len;
    173          
    174            /* A little setup for AF, CB_FUNC and MT_SYS_APP_RSP_MSG */
    175            msg_ptr = msg->msg;
   \   000009   8A82         MOV       DPL,R2
   \   00000B   8B83         MOV       DPH,R3
   \   00000D   A3           INC       DPTR
   \   00000E   A3           INC       DPTR
   \   00000F   E0           MOVX      A,@DPTR
   \   000010   FA           MOV       R2,A
   \   000011   A3           INC       DPTR
   \   000012   E0           MOVX      A,@DPTR
   \   000013   FB           MOV       R3,A
   \   000014   EA           MOV       A,R2
   \   000015   FE           MOV       R6,A
   \   000016   EB           MOV       A,R3
   \   000017   FF           MOV       R7,A
    176          
    177            deallocate = true;
    178          
    179            /* Use the first byte of the message as the command ID */
    180            switch ( msg->hdr.event )
   \   000018   85..82       MOV       DPL,?V0
   \   00001B   85..83       MOV       DPH,?V1
   \   00001E   E0           MOVX      A,@DPTR
   \   00001F   14           DEC       A
   \   000020   6011         JZ        ??MT_ProcessIncomingCommand_0
   \   000022   14           DEC       A
   \   000023   6013         JZ        ??MT_ProcessIncomingCommand_1
   \   000025   24FE         ADD       A,#-0x2
   \   000027   6021         JZ        ??MT_ProcessIncomingCommand_2
   \   000029   24FE         ADD       A,#-0x2
   \   00002B   6014         JZ        ??MT_ProcessIncomingCommand_3
   \   00002D   24E2         ADD       A,#-0x1e
   \   00002F   6050         JZ        ??MT_ProcessIncomingCommand_4
   \   000031   805C         SJMP      ??MT_ProcessIncomingCommand_5
    181            {
    182              case CMD_SERIAL_MSG:
    183                MT_ProcessIncoming(msg->msg);
   \                     ??MT_ProcessIncomingCommand_0:
   \   000033                ; Setup parameters for call to function MT_ProcessIncoming
   \   000033   12....       LCALL     `??MT_ProcessIncoming::?relay`; Banked call to: MT_ProcessIncoming
    184                break;
   \   000036   8057         SJMP      ??MT_ProcessIncomingCommand_5
    185          
    186              case CMD_DEBUG_MSG:
    187                MT_ProcessDebugMsg( (mtDebugMsg_t *)msg );
   \                     ??MT_ProcessIncomingCommand_1:
   \   000038                ; Setup parameters for call to function MT_ProcessDebugMsg
   \   000038   AA..         MOV       R2,?V0
   \   00003A   AB..         MOV       R3,?V1
   \   00003C   12....       LCALL     `??MT_ProcessDebugMsg::?relay`; Banked call to: MT_ProcessDebugMsg
    188                break;
   \   00003F   804E         SJMP      ??MT_ProcessIncomingCommand_5
    189          
    190              case CMD_DEBUG_STR:
    191                MT_ProcessDebugStr( (mtDebugStr_t *)msg );
   \                     ??MT_ProcessIncomingCommand_3:
   \   000041                ; Setup parameters for call to function MT_ProcessDebugStr
   \   000041   AA..         MOV       R2,?V0
   \   000043   AB..         MOV       R3,?V1
   \   000045   12....       LCALL     `??MT_ProcessDebugStr::?relay`; Banked call to: MT_ProcessDebugStr
    192                break;
   \   000048   8045         SJMP      ??MT_ProcessIncomingCommand_5
    193          
    194              case CB_FUNC:
    195                /*
    196                  Build SPI message here instead of redundantly calling MT_BuildSPIMsg
    197                  because we have copied data already in the allocated message
    198                */
    199          
    200                /* msg_ptr is the beginning of the intended SPI message */
    201                len = SPI_0DATA_MSG_LEN + msg_ptr[DATALEN_FIELD];
   \                     ??MT_ProcessIncomingCommand_2:
   \   00004A   8A82         MOV       DPL,R2
   \   00004C   8B83         MOV       DPH,R3
   \   00004E   A3           INC       DPTR
   \   00004F   A3           INC       DPTR
   \   000050   A3           INC       DPTR
   \   000051   E0           MOVX      A,@DPTR
   \   000052   2405         ADD       A,#0x5
   \   000054   F5..         MOV       ?V2,A
    202          
    203                /*
    204                  FCS goes to the last byte in the message and is calculated over all
    205                  the bytes except FCS and SOP
    206                */
    207                msg_ptr[len-1] = MT_UartCalcFCS(msg_ptr + 1, (byte)(len-2));
   \   000056                ; Setup parameters for call to function MT_UartCalcFCS
   \   000056   74FE         MOV       A,#-0x2
   \   000058   25..         ADD       A,?V2
   \   00005A   F9           MOV       R1,A
   \   00005B   8A82         MOV       DPL,R2
   \   00005D   8B83         MOV       DPH,R3
   \   00005F   A3           INC       DPTR
   \   000060   AA82         MOV       R2,DPL
   \   000062   AB83         MOV       R3,DPH
   \   000064   12....       LCALL     `??MT_UartCalcFCS::?relay`; Banked call to: MT_UartCalcFCS
   \   000067   E9           MOV       A,R1
   \   000068   C0E0         PUSH      A
   \   00006A   A8..         MOV       R0,?V2
   \   00006C   EE           MOV       A,R6
   \   00006D   28           ADD       A,R0
   \   00006E   F8           MOV       R0,A
   \   00006F   E4           CLR       A
   \   000070   3F           ADDC      A,R7
   \   000071   F9           MOV       R1,A
   \   000072   E8           MOV       A,R0
   \   000073   24FF         ADD       A,#-0x1
   \   000075   F582         MOV       DPL,A
   \   000077   E9           MOV       A,R1
   \   000078   34FF         ADDC      A,#-0x1
   \   00007A   F583         MOV       DPH,A
   \   00007C   D0E0         POP       A
   \   00007E   F0           MOVX      @DPTR,A
    208          
    209          #ifdef MT_UART_DEFAULT_PORT
    210                HalUARTWrite ( MT_UART_DEFAULT_PORT, msg_ptr, len );
    211          #endif
    212                break;
   \   00007F   800E         SJMP      ??MT_ProcessIncomingCommand_5
    213          
    214          #if !defined ( NONWK )
    215              case MT_SYS_APP_RSP_MSG:
    216                len = SPI_0DATA_MSG_LEN + msg_ptr[DATALEN_FIELD];
    217                MTProcessAppRspMsg( msg_ptr, len );
   \                     ??MT_ProcessIncomingCommand_4:
   \   000081                ; Setup parameters for call to function MTProcessAppRspMsg
   \   000081   8A82         MOV       DPL,R2
   \   000083   8B83         MOV       DPH,R3
   \   000085   A3           INC       DPTR
   \   000086   A3           INC       DPTR
   \   000087   A3           INC       DPTR
   \   000088   E0           MOVX      A,@DPTR
   \   000089   2405         ADD       A,#0x5
   \   00008B   F9           MOV       R1,A
   \   00008C   12....       LCALL     `??MTProcessAppRspMsg::?relay`; Banked call to: MTProcessAppRspMsg
    218                break;
    219          #endif  // NONWK
    220          
    221              default:
    222                break;
    223            }
    224          
    225            if ( deallocate )
    226            {
    227              osal_msg_deallocate( (uint8 *)msg );
   \                     ??MT_ProcessIncomingCommand_5:
   \   00008F                ; Setup parameters for call to function osal_msg_deallocate
   \   00008F   AA..         MOV       R2,?V0
   \   000091   AB..         MOV       R3,?V1
   \   000093   12....       LCALL     `??osal_msg_deallocate::?relay`; Banked call to: osal_msg_deallocate
    228            }
    229          }
   \   000096   7F03         MOV       R7,#0x3
   \   000098   02....       LJMP      ?BANKED_LEAVE_XDATA

   \                                 In  segment BANK_RELAYS, align 1
   \                     `??MT_TaskInit::?relay`:
   \   000000   12....       LCALL   ?BDISPATCH
   \   000003   ......       DC24    MT_TaskInit

   \                                 In  segment BANK_RELAYS, align 1
   \                     `??MT_ProcessEvent::?relay`:
   \   000000   12....       LCALL   ?BDISPATCH
   \   000003   ......       DC24    MT_ProcessEvent

   \                                 In  segment BANK_RELAYS, align 1
   \                     `??MT_ProcessIncomingCommand::?relay`:
   \   000000   12....       LCALL   ?BDISPATCH
   \   000003   ......       DC24    MT_ProcessIncomingCommand
    230          
    231          #ifdef MT_TASK
    232          /***************************************************************************************************
    233           * @fn      MT_TransportAlloc
    234           *
    235           * @brief   Allocate memory for transport msg
    236           *
    237           * @param   uint8 cmd0 - The first byte of the MT command id containing the command type and subsystem.
    238           *          uint8 len - length
    239           *
    240           * @return  pointer the allocated memory or NULL if fail to allocate the memory
    241           ***************************************************************************************************/
    242          uint8 *MT_TransportAlloc(uint8 cmd0, uint8 len)
    243          {
    244            uint8 *p;
    245          
    246            (void)cmd0;  // Intentionally unreferenced parameter
    247            
    248            /* Allocate a buffer of data length + SOP+CMD+FCS (5bytes) */
    249            p = osal_msg_allocate(len + SPI_0DATA_MSG_LEN);
    250          
    251            if (p)
    252            {
    253              p++; /* Save space for SOP_VALUE, msg structure */
    254              return p;
    255            }
    256            else
    257            {
    258              return NULL;
    259            }
    260          }
    261          
    262          /***************************************************************************************************
    263           * @fn      MT_TransportSend
    264           *
    265           * @brief   Fill in SOP and FCS then send out the msg
    266           *
    267           * @param   uint8 *pBuf - pointer to the message that contains CMD, length, data and FCS
    268           *
    269           * @return  None
    270           ***************************************************************************************************/
    271          void MT_TransportSend(uint8 *pBuf)
    272          {
    273            uint8 *msgPtr;
    274            uint8 dataLen = pBuf[0]; /* Data length is on byte #1 from the pointer */
    275          
    276            /* Move back to the SOP */
    277            msgPtr = pBuf-1;
    278          
    279            /* Insert SOP */
    280            msgPtr[0] = MT_UART_SOF;
    281          
    282            /* Insert FCS */
    283            msgPtr[SPI_0DATA_MSG_LEN - 1 + dataLen] = MT_UartCalcFCS (pBuf, (3 + dataLen));
    284          
    285            /* Send to UART */
    286          #ifdef MT_UART_DEFAULT_PORT
    287            HalUARTWrite(MT_UART_DEFAULT_PORT, msgPtr, dataLen + SPI_0DATA_MSG_LEN);
    288          #endif
    289          
    290            /* Deallocate */
    291            osal_msg_deallocate(msgPtr);
    292          }
    293          #endif /* MT_TASK */
    294          /***************************************************************************************************
    295           ***************************************************************************************************/

   Maximum stack usage in bytes:

   ISTACK XSTACK Function
   ------ ------ --------
      0     10   MT_ProcessEvent
        0     10   -> MT_ProcessIncomingCommand
        0     10   -> osal_msg_receive
      1     21   MT_ProcessIncomingCommand
        0     11   -> MTProcessAppRspMsg
        0     11   -> MT_ProcessDebugMsg
        0     11   -> MT_ProcessDebugStr
        0     11   -> MT_ProcessIncoming
        0     11   -> MT_UartCalcFCS
        0     11   -> osal_msg_deallocate
      0      9   MT_TaskInit
        0      9   -> MT_Init
        0      9   -> MT_UartInit
        0      9   -> MT_UartRegisterTaskID


   Segment part sizes:

   Bytes  Function/Label
   -----  --------------
      56  MT_ProcessEvent
       6  MT_ProcessEvent::?relay
     155  MT_ProcessIncomingCommand
       6  MT_ProcessIncomingCommand::?relay
      23  MT_TaskInit
       6  MT_TaskInit::?relay

 
 234 bytes in segment BANKED_CODE
  18 bytes in segment BANK_RELAYS
 
  18 bytes of CODE     memory
 234 bytes of HUGECODE memory

Errors: none
Warnings: none
